Using pre-set license
Built from '2021.3/staging' branch; Version is '2021.3.5f1 (40eb3a945986) revision 4254522'; Using compiler version '192829333'; Build Type 'Release'
OS: 'Windows 10  (10.0.19045) 64bit Core' Language: 'pt' Physical Memory: 32675 MB
BatchMode: 1, IsHumanControllingUs: 0, StartBugReporterOnCrash: 0, Is64bit: 1, IsPro: 1

COMMAND LINE ARGUMENTS:
H:\Program Files\2021.3.5f1\Editor\Unity.exe
-adb2
-batchMode
-noUpm
-name
AssetImportWorker7
-projectPath
H:/Work/School/UCF/SPRING2024/DIG4715 - Game Production/FinalProject/HomeSweetHomeP3/HomeSweetHome
-logFile
Logs/AssetImportWorker7.log
-srvPort
57786
Successfully changed project path to: H:/Work/School/UCF/SPRING2024/DIG4715 - Game Production/FinalProject/HomeSweetHomeP3/HomeSweetHome
H:/Work/School/UCF/SPRING2024/DIG4715 - Game Production/FinalProject/HomeSweetHomeP3/HomeSweetHome
[UnityMemory] Configuration Parameters - Can be set up in boot.config
    "memorysetup-bucket-allocator-granularity=16"
    "memorysetup-bucket-allocator-bucket-count=8"
    "memorysetup-bucket-allocator-block-size=33554432"
    "memorysetup-bucket-allocator-block-count=8"
    "memorysetup-main-allocator-block-size=16777216"
    "memorysetup-thread-allocator-block-size=16777216"
    "memorysetup-gfx-main-allocator-block-size=16777216"
    "memorysetup-gfx-thread-allocator-block-size=16777216"
    "memorysetup-cache-allocator-block-size=4194304"
    "memorysetup-typetree-allocator-block-size=2097152"
    "memorysetup-profiler-bucket-allocator-granularity=16"
    "memorysetup-profiler-bucket-allocator-bucket-count=8"
    "memorysetup-profiler-bucket-allocator-block-size=33554432"
    "memorysetup-profiler-bucket-allocator-block-count=8"
    "memorysetup-profiler-allocator-block-size=16777216"
    "memorysetup-profiler-editor-allocator-block-size=1048576"
    "memorysetup-temp-allocator-size-main=16777216"
    "memorysetup-job-temp-allocator-block-size=2097152"
    "memorysetup-job-temp-allocator-block-size-background=1048576"
    "memorysetup-job-temp-allocator-reduction-small-platforms=262144"
    "memorysetup-temp-allocator-size-background-worker=32768"
    "memorysetup-temp-allocator-size-job-worker=262144"
    "memorysetup-temp-allocator-size-preload-manager=33554432"
    "memorysetup-temp-allocator-size-nav-mesh-worker=65536"
    "memorysetup-temp-allocator-size-audio-worker=65536"
    "memorysetup-temp-allocator-size-cloud-worker=32768"
    "memorysetup-temp-allocator-size-gi-baking-worker=262144"
    "memorysetup-temp-allocator-size-gfx=262144"
Refreshing native plugins compatible for Editor in 63.86 ms, found 3 plugins.
Preloading 0 native plugins for Editor in 0.00 ms.
Initialize engine version: 2021.3.5f1 (40eb3a945986)
[Subsystems] Discovering subsystems at path H:/Program Files/2021.3.5f1/Editor/Data/Resources/UnitySubsystems
[Subsystems] Discovering subsystems at path H:/Work/School/UCF/SPRING2024/DIG4715 - Game Production/FinalProject/HomeSweetHomeP3/HomeSweetHome/Assets
GfxDevice: creating device client; threaded=0; jobified=0
Direct3D:
    Version:  Direct3D 11.0 [level 11.1]
    Renderer: NVIDIA GeForce RTX 3060 (ID=0x2503)
    Vendor:   NVIDIA
    VRAM:     12115 MB
    Driver:   31.0.15.5176
Initialize mono
Mono path[0] = 'H:/Program Files/2021.3.5f1/Editor/Data/Managed'
Mono path[1] = 'H:/Program Files/2021.3.5f1/Editor/Data/MonoBleedingEdge/lib/mono/unityjit-win32'
Mono config path = 'H:/Program Files/2021.3.5f1/Editor/Data/MonoBleedingEdge/etc'
Using monoOptions --debugger-agent=transport=dt_socket,embedding=1,server=y,suspend=n,address=127.0.0.1:56656
Begin MonoManager ReloadAssembly
Registering precompiled unity dll's ...
Register platform support module: H:/Program Files/2021.3.5f1/Editor/Data/PlaybackEngines/WindowsStandaloneSupport/UnityEditor.WindowsStandalone.Extensions.dll
Registered in 0.002234 seconds.
Native extension for WindowsStandalone target not found
Refreshing native plugins compatible for Editor in 64.20 ms, found 3 plugins.
Preloading 0 native plugins for Editor in 0.00 ms.
Mono: successfully reloaded assembly
- Completed reload, in  0.486 seconds
Domain Reload Profiling:
	ReloadAssembly (487ms)
		BeginReloadAssembly (67ms)
			ExecutionOrderSort (0ms)
			DisableScriptedObjects (0ms)
			BackupInstance (0ms)
			ReleaseScriptingObjects (0ms)
			CreateAndSetChildDomain (1ms)
		EndReloadAssembly (342ms)
			LoadAssemblies (67ms)
			RebuildTransferFunctionScriptingTraits (0ms)
			SetupTypeCache (73ms)
			ReleaseScriptCaches (0ms)
			RebuildScriptCaches (19ms)
			SetupLoadedEditorAssemblies (213ms)
				LogAssemblyErrors (0ms)
				InitializePlatformSupportModulesInManaged (5ms)
				SetLoadedEditorAssemblies (0ms)
				RefreshPlugins (64ms)
				BeforeProcessingInitializeOnLoad (1ms)
				ProcessInitializeOnLoadAttributes (108ms)
				ProcessInitializeOnLoadMethodAttributes (34ms)
				AfterProcessingInitializeOnLoad (0ms)
				EditorAssembliesLoaded (0ms)
			ExecutionOrderSort2 (0ms)
			AwakeInstancesAfterBackupRestoration (0ms)
Platform modules already initialized, skipping
Registering precompiled user dll's ...
Registered in 0.004503 seconds.
Begin MonoManager ReloadAssembly
Symbol file LoadedFromMemory doesn't match image H:\Work\School\UCF\SPRING2024\DIG4715 - Game Production\FinalProject\HomeSweetHomeP3\HomeSweetHome\Library\PackageCache\com.unity.visualscripting@1.8.0\Editor\VisualScripting.Core\Dependencies\YamlDotNet\Unity.VisualScripting.YamlDotNet.dll
Symbol file LoadedFromMemory doesn't match image H:\Work\School\UCF\SPRING2024\DIG4715 - Game Production\FinalProject\HomeSweetHomeP3\HomeSweetHome\Library\PackageCache\com.unity.visualscripting@1.8.0\Editor\VisualScripting.Core\Dependencies\DotNetZip\Unity.VisualScripting.IonicZip.dll
Native extension for WindowsStandalone target not found
Refreshing native plugins compatible for Editor in 64.08 ms, found 3 plugins.
Preloading 0 native plugins for Editor in 0.00 ms.
Mono: successfully reloaded assembly
- Completed reload, in  0.909 seconds
Domain Reload Profiling:
	ReloadAssembly (909ms)
		BeginReloadAssembly (94ms)
			ExecutionOrderSort (0ms)
			DisableScriptedObjects (5ms)
			BackupInstance (0ms)
			ReleaseScriptingObjects (0ms)
			CreateAndSetChildDomain (15ms)
		EndReloadAssembly (731ms)
			LoadAssemblies (76ms)
			RebuildTransferFunctionScriptingTraits (0ms)
			SetupTypeCache (191ms)
			ReleaseScriptCaches (1ms)
			RebuildScriptCaches (38ms)
			SetupLoadedEditorAssemblies (407ms)
				LogAssemblyErrors (0ms)
				InitializePlatformSupportModulesInManaged (3ms)
				SetLoadedEditorAssemblies (0ms)
				RefreshPlugins (64ms)
				BeforeProcessingInitializeOnLoad (70ms)
				ProcessInitializeOnLoadAttributes (218ms)
				ProcessInitializeOnLoadMethodAttributes (50ms)
				AfterProcessingInitializeOnLoad (2ms)
				EditorAssembliesLoaded (0ms)
			ExecutionOrderSort2 (0ms)
			AwakeInstancesAfterBackupRestoration (6ms)
Platform modules already initialized, skipping
========================================================================
Worker process is ready to serve import requests
Launched and connected shader compiler UnityShaderCompiler.exe after 0.03 seconds
Refreshing native plugins compatible for Editor in 1.03 ms, found 3 plugins.
Preloading 0 native plugins for Editor in 0.00 ms.
Unloading 4014 Unused Serialized files (Serialized files now loaded: 0)
Unloading 24 unused Assets / (342.6 KB). Loaded Objects now: 4474.
Memory consumption went from 141.9 MB to 141.5 MB.
Total: 3.049800 ms (FindLiveObjects: 0.273000 ms CreateObjectMapping: 0.097400 ms MarkObjects: 2.549500 ms  DeleteObjects: 0.128800 ms)

AssetImportParameters requested are different than current active one (requested -> active):
  custom:video-decoder-ogg-theora: a1e56fd34408186e4bbccfd4996cb3dc -> 
  custom:container-muxer-webm: aa71ff27fc2769a1b78a27578f13a17b -> 
  custom:container-demuxer-webm: 4f35f7cbe854078d1ac9338744f61a02 -> 
  custom:video-encoder-webm-vp8: eb34c28f22e8b96e1ab97ce403110664 -> 
  custom:audio-encoder-webm-vorbis: bf7c407c2cedff20999df2af8eb42d56 -> 
  custom:framework-win-MediaFoundation: 216162199b28c13a410421893ffa2e32 -> 
  custom:container-demuxer-ogg: 62fdf1f143b41e24485cea50d1cbac27 -> 
  custom:video-decoder-webm-vp8: 9c59270c3fd7afecdb556c50c9e8de78 -> 
  custom:audio-decoder-ogg-vorbis: bf7c407c2cedff20999df2af8eb42d56 -> 
========================================================================
Received Import Request.
  Time since last request: 364045.336525 seconds.
  path: Assets/Materials/MI_LollipopForest.mat
  artifactKey: Guid(3e5a18324f809524c991472d3d85b63d) Importer(815301076,1909f56bfc062723c751e8b465ee728b)
Start importing Assets/Materials/MI_LollipopForest.mat using Guid(3e5a18324f809524c991472d3d85b63d) Importer(815301076,1909f56bfc062723c751e8b465ee728b)  -> (artifact id: '32832b1ebc950765248bbc1bf5bc0f72') in 0.118375 seconds 
========================================================================
Received Import Request.
  Time since last request: 58.399634 seconds.
  path: Assets/Materials/MI_HubAssets1 1.mat
  artifactKey: Guid(ef06d45f2e7177648b222f8567e3560f) Importer(815301076,1909f56bfc062723c751e8b465ee728b)
Start importing Assets/Materials/MI_HubAssets1 1.mat using Guid(ef06d45f2e7177648b222f8567e3560f) Importer(815301076,1909f56bfc062723c751e8b465ee728b)  -> (artifact id: '077355471881fc530b567d7da1bed918') in 0.043071 seconds 
========================================================================
Received Import Request.
  Time since last request: 0.000024 seconds.
  path: Assets/Materials/MI_LollipopTree1.mat
  artifactKey: Guid(d4be3b7c03ce2474d80bf54b5d6e538f) Importer(815301076,1909f56bfc062723c751e8b465ee728b)
Start importing Assets/Materials/MI_LollipopTree1.mat using Guid(d4be3b7c03ce2474d80bf54b5d6e538f) Importer(815301076,1909f56bfc062723c751e8b465ee728b)  -> (artifact id: 'f93c7ed22b34d1f380b0f656c77aa790') in 0.112263 seconds 
========================================================================
Received Import Request.
  Time since last request: 0.000020 seconds.
  path: Assets/Materials/MI_LollipopForest.mat
  artifactKey: Guid(3e5a18324f809524c991472d3d85b63d) Importer(815301076,1909f56bfc062723c751e8b465ee728b)
Start importing Assets/Materials/MI_LollipopForest.mat using Guid(3e5a18324f809524c991472d3d85b63d) Importer(815301076,1909f56bfc062723c751e8b465ee728b)  -> (artifact id: 'b6914cdb9751614b2043b62770e31933') in 0.046839 seconds 
========================================================================
Received Import Request.
  Time since last request: 49.688722 seconds.
  path: Assets/Assets/DropCandy1.fbx
  artifactKey: Guid(3d6c05f94e5626446add0cac59015d88) Importer(815301076,1909f56bfc062723c751e8b465ee728b)
Start importing Assets/Assets/DropCandy1.fbx using Guid(3d6c05f94e5626446add0cac59015d88) Importer(815301076,1909f56bfc062723c751e8b465ee728b)  -> (artifact id: '01ba697fbb1d2f060fb303cd175b9383') in 0.070342 seconds 
========================================================================
Received Import Request.
  Time since last request: 0.000018 seconds.
  path: Assets/Assets/DropCandy5.fbx
  artifactKey: Guid(ae2ab2db893296c4c953160b48f35410) Importer(815301076,1909f56bfc062723c751e8b465ee728b)
Start importing Assets/Assets/DropCandy5.fbx using Guid(ae2ab2db893296c4c953160b48f35410) Importer(815301076,1909f56bfc062723c751e8b465ee728b)  -> (artifact id: '56dcac5c44208ed7b5f0df13003c6912') in 0.021173 seconds 
========================================================================
Received Import Request.
  Time since last request: 0.000025 seconds.
  path: Assets/Assets/SignToBattlefield.fbx
  artifactKey: Guid(4f3c0c683db8b1e4b973faa7fede8a52) Importer(815301076,1909f56bfc062723c751e8b465ee728b)
Start importing Assets/Assets/SignToBattlefield.fbx using Guid(4f3c0c683db8b1e4b973faa7fede8a52) Importer(815301076,1909f56bfc062723c751e8b465ee728b)  -> (artifact id: '22181b52a0fb17150efc3166f66a8abc') in 0.022035 seconds 
========================================================================
Received Import Request.
  Time since last request: 0.000021 seconds.
  path: Assets/Assets/SignToCandyCastle.fbx
  artifactKey: Guid(77f1da0604d73d44e8f68c9215d09781) Importer(815301076,1909f56bfc062723c751e8b465ee728b)
Start importing Assets/Assets/SignToCandyCastle.fbx using Guid(77f1da0604d73d44e8f68c9215d09781) Importer(815301076,1909f56bfc062723c751e8b465ee728b)  -> (artifact id: '83de626cc9eecbadb29dfab27c595529') in 0.021214 seconds 
========================================================================
Received Import Request.
  Time since last request: 0.000020 seconds.
  path: Assets/Assets/LollipopTree1.fbx
  artifactKey: Guid(28eac96d1bf8f384f9c6040a5864027d) Importer(815301076,1909f56bfc062723c751e8b465ee728b)
Start importing Assets/Assets/LollipopTree1.fbx using Guid(28eac96d1bf8f384f9c6040a5864027d) Importer(815301076,1909f56bfc062723c751e8b465ee728b)  -> (artifact id: '09e6ce02ca9add9a33d5f08bdaf77020') in 0.025360 seconds 
========================================================================
Received Import Request.
  Time since last request: 0.000025 seconds.
  path: Assets/Assets/GingerbreadBarrack.fbx
  artifactKey: Guid(dbb385b7f94e6f549a2e3a882eea5bc8) Importer(815301076,1909f56bfc062723c751e8b465ee728b)
Start importing Assets/Assets/GingerbreadBarrack.fbx using Guid(dbb385b7f94e6f549a2e3a882eea5bc8) Importer(815301076,1909f56bfc062723c751e8b465ee728b)  -> (artifact id: '000380f4b8b375c8244e196294340f3f') in 0.026006 seconds 
========================================================================
Received Import Request.
  Time since last request: 0.000028 seconds.
  path: Assets/Assets/SignToTraining.fbx
  artifactKey: Guid(12f5ff38b34aae44f86665c048052c36) Importer(815301076,1909f56bfc062723c751e8b465ee728b)
Start importing Assets/Assets/SignToTraining.fbx using Guid(12f5ff38b34aae44f86665c048052c36) Importer(815301076,1909f56bfc062723c751e8b465ee728b)  -> (artifact id: 'bea60c39f05bf891737497c1400b2309') in 0.020660 seconds 
Editor requested this worker to shutdown with reason: Scaling down because of idle timeout
AssetImportWorker is now disconnected from the server
Process exiting
Exiting without the bug reporter. Application will terminate with return code 0