Using pre-set license
Built from '2021.3/staging' branch; Version is '2021.3.5f1 (40eb3a945986) revision 4254522'; Using compiler version '192829333'; Build Type 'Release'
OS: 'Windows 10  (10.0.19045) 64bit Core' Language: 'pt' Physical Memory: 32675 MB
BatchMode: 1, IsHumanControllingUs: 0, StartBugReporterOnCrash: 0, Is64bit: 1, IsPro: 1

COMMAND LINE ARGUMENTS:
H:\Program Files\2021.3.5f1\Editor\Unity.exe
-adb2
-batchMode
-noUpm
-name
AssetImportWorker6
-projectPath
H:/Work/School/UCF/SPRING2024/DIG4715 - Game Production/FinalProject/HomeSweetHomeP3/HomeSweetHome
-logFile
Logs/AssetImportWorker6.log
-srvPort
57786
Successfully changed project path to: H:/Work/School/UCF/SPRING2024/DIG4715 - Game Production/FinalProject/HomeSweetHomeP3/HomeSweetHome
H:/Work/School/UCF/SPRING2024/DIG4715 - Game Production/FinalProject/HomeSweetHomeP3/HomeSweetHome
[UnityMemory] Configuration Parameters - Can be set up in boot.config
    "memorysetup-bucket-allocator-granularity=16"
    "memorysetup-bucket-allocator-bucket-count=8"
    "memorysetup-bucket-allocator-block-size=33554432"
    "memorysetup-bucket-allocator-block-count=8"
    "memorysetup-main-allocator-block-size=16777216"
    "memorysetup-thread-allocator-block-size=16777216"
    "memorysetup-gfx-main-allocator-block-size=16777216"
    "memorysetup-gfx-thread-allocator-block-size=16777216"
    "memorysetup-cache-allocator-block-size=4194304"
    "memorysetup-typetree-allocator-block-size=2097152"
    "memorysetup-profiler-bucket-allocator-granularity=16"
    "memorysetup-profiler-bucket-allocator-bucket-count=8"
    "memorysetup-profiler-bucket-allocator-block-size=33554432"
    "memorysetup-profiler-bucket-allocator-block-count=8"
    "memorysetup-profiler-allocator-block-size=16777216"
    "memorysetup-profiler-editor-allocator-block-size=1048576"
    "memorysetup-temp-allocator-size-main=16777216"
    "memorysetup-job-temp-allocator-block-size=2097152"
    "memorysetup-job-temp-allocator-block-size-background=1048576"
    "memorysetup-job-temp-allocator-reduction-small-platforms=262144"
    "memorysetup-temp-allocator-size-background-worker=32768"
    "memorysetup-temp-allocator-size-job-worker=262144"
    "memorysetup-temp-allocator-size-preload-manager=33554432"
    "memorysetup-temp-allocator-size-nav-mesh-worker=65536"
    "memorysetup-temp-allocator-size-audio-worker=65536"
    "memorysetup-temp-allocator-size-cloud-worker=32768"
    "memorysetup-temp-allocator-size-gi-baking-worker=262144"
    "memorysetup-temp-allocator-size-gfx=262144"
Refreshing native plugins compatible for Editor in 65.88 ms, found 3 plugins.
Preloading 0 native plugins for Editor in 0.00 ms.
Initialize engine version: 2021.3.5f1 (40eb3a945986)
[Subsystems] Discovering subsystems at path H:/Program Files/2021.3.5f1/Editor/Data/Resources/UnitySubsystems
[Subsystems] Discovering subsystems at path H:/Work/School/UCF/SPRING2024/DIG4715 - Game Production/FinalProject/HomeSweetHomeP3/HomeSweetHome/Assets
GfxDevice: creating device client; threaded=0; jobified=0
Direct3D:
    Version:  Direct3D 11.0 [level 11.1]
    Renderer: NVIDIA GeForce RTX 3060 (ID=0x2503)
    Vendor:   NVIDIA
    VRAM:     12115 MB
    Driver:   31.0.15.5176
Initialize mono
Mono path[0] = 'H:/Program Files/2021.3.5f1/Editor/Data/Managed'
Mono path[1] = 'H:/Program Files/2021.3.5f1/Editor/Data/MonoBleedingEdge/lib/mono/unityjit-win32'
Mono config path = 'H:/Program Files/2021.3.5f1/Editor/Data/MonoBleedingEdge/etc'
Using monoOptions --debugger-agent=transport=dt_socket,embedding=1,server=y,suspend=n,address=127.0.0.1:56572
Begin MonoManager ReloadAssembly
Registering precompiled unity dll's ...
Register platform support module: H:/Program Files/2021.3.5f1/Editor/Data/PlaybackEngines/WindowsStandaloneSupport/UnityEditor.WindowsStandalone.Extensions.dll
Registered in 0.002138 seconds.
Native extension for WindowsStandalone target not found
Refreshing native plugins compatible for Editor in 64.62 ms, found 3 plugins.
Preloading 0 native plugins for Editor in 0.00 ms.
Mono: successfully reloaded assembly
- Completed reload, in  0.488 seconds
Domain Reload Profiling:
	ReloadAssembly (488ms)
		BeginReloadAssembly (67ms)
			ExecutionOrderSort (0ms)
			DisableScriptedObjects (0ms)
			BackupInstance (0ms)
			ReleaseScriptingObjects (0ms)
			CreateAndSetChildDomain (1ms)
		EndReloadAssembly (345ms)
			LoadAssemblies (67ms)
			RebuildTransferFunctionScriptingTraits (0ms)
			SetupTypeCache (74ms)
			ReleaseScriptCaches (0ms)
			RebuildScriptCaches (20ms)
			SetupLoadedEditorAssemblies (214ms)
				LogAssemblyErrors (0ms)
				InitializePlatformSupportModulesInManaged (5ms)
				SetLoadedEditorAssemblies (0ms)
				RefreshPlugins (65ms)
				BeforeProcessingInitializeOnLoad (1ms)
				ProcessInitializeOnLoadAttributes (109ms)
				ProcessInitializeOnLoadMethodAttributes (34ms)
				AfterProcessingInitializeOnLoad (0ms)
				EditorAssembliesLoaded (0ms)
			ExecutionOrderSort2 (0ms)
			AwakeInstancesAfterBackupRestoration (0ms)
Platform modules already initialized, skipping
Registering precompiled user dll's ...
Registered in 0.004333 seconds.
Begin MonoManager ReloadAssembly
Symbol file LoadedFromMemory doesn't match image H:\Work\School\UCF\SPRING2024\DIG4715 - Game Production\FinalProject\HomeSweetHomeP3\HomeSweetHome\Library\PackageCache\com.unity.visualscripting@1.8.0\Editor\VisualScripting.Core\Dependencies\YamlDotNet\Unity.VisualScripting.YamlDotNet.dll
Symbol file LoadedFromMemory doesn't match image H:\Work\School\UCF\SPRING2024\DIG4715 - Game Production\FinalProject\HomeSweetHomeP3\HomeSweetHome\Library\PackageCache\com.unity.visualscripting@1.8.0\Editor\VisualScripting.Core\Dependencies\DotNetZip\Unity.VisualScripting.IonicZip.dll
Native extension for WindowsStandalone target not found
Refreshing native plugins compatible for Editor in 62.97 ms, found 3 plugins.
Preloading 0 native plugins for Editor in 0.00 ms.
Mono: successfully reloaded assembly
- Completed reload, in  0.893 seconds
Domain Reload Profiling:
	ReloadAssembly (893ms)
		BeginReloadAssembly (97ms)
			ExecutionOrderSort (0ms)
			DisableScriptedObjects (5ms)
			BackupInstance (0ms)
			ReleaseScriptingObjects (0ms)
			CreateAndSetChildDomain (15ms)
		EndReloadAssembly (715ms)
			LoadAssemblies (76ms)
			RebuildTransferFunctionScriptingTraits (0ms)
			SetupTypeCache (187ms)
			ReleaseScriptCaches (1ms)
			RebuildScriptCaches (37ms)
			SetupLoadedEditorAssemblies (397ms)
				LogAssemblyErrors (0ms)
				InitializePlatformSupportModulesInManaged (3ms)
				SetLoadedEditorAssemblies (0ms)
				RefreshPlugins (63ms)
				BeforeProcessingInitializeOnLoad (69ms)
				ProcessInitializeOnLoadAttributes (211ms)
				ProcessInitializeOnLoadMethodAttributes (48ms)
				AfterProcessingInitializeOnLoad (4ms)
				EditorAssembliesLoaded (0ms)
			ExecutionOrderSort2 (0ms)
			AwakeInstancesAfterBackupRestoration (5ms)
Platform modules already initialized, skipping
========================================================================
Worker process is ready to serve import requests
Launched and connected shader compiler UnityShaderCompiler.exe after 0.03 seconds
Refreshing native plugins compatible for Editor in 0.61 ms, found 3 plugins.
Preloading 0 native plugins for Editor in 0.00 ms.
Unloading 4014 Unused Serialized files (Serialized files now loaded: 0)
Unloading 24 unused Assets / (342.6 KB). Loaded Objects now: 4474.
Memory consumption went from 141.9 MB to 141.6 MB.
Total: 2.603800 ms (FindLiveObjects: 0.216900 ms CreateObjectMapping: 0.091900 ms MarkObjects: 2.204800 ms  DeleteObjects: 0.089700 ms)

AssetImportParameters requested are different than current active one (requested -> active):
  custom:video-decoder-ogg-theora: a1e56fd34408186e4bbccfd4996cb3dc -> 
  custom:container-muxer-webm: aa71ff27fc2769a1b78a27578f13a17b -> 
  custom:container-demuxer-webm: 4f35f7cbe854078d1ac9338744f61a02 -> 
  custom:video-encoder-webm-vp8: eb34c28f22e8b96e1ab97ce403110664 -> 
  custom:audio-encoder-webm-vorbis: bf7c407c2cedff20999df2af8eb42d56 -> 
  custom:framework-win-MediaFoundation: 216162199b28c13a410421893ffa2e32 -> 
  custom:container-demuxer-ogg: 62fdf1f143b41e24485cea50d1cbac27 -> 
  custom:video-decoder-webm-vp8: 9c59270c3fd7afecdb556c50c9e8de78 -> 
  custom:audio-decoder-ogg-vorbis: bf7c407c2cedff20999df2af8eb42d56 -> 
========================================================================
Received Import Request.
  Time since last request: 364024.957601 seconds.
  path: Assets/Materials/MI_LollipopForest.mat
  artifactKey: Guid(3e5a18324f809524c991472d3d85b63d) Importer(815301076,1909f56bfc062723c751e8b465ee728b)
Start importing Assets/Materials/MI_LollipopForest.mat using Guid(3e5a18324f809524c991472d3d85b63d) Importer(815301076,1909f56bfc062723c751e8b465ee728b)  -> (artifact id: '10dcc1014c4c9b309fa0717b8f5d2fa4') in 0.124133 seconds 
========================================================================
Received Import Request.
  Time since last request: 20.248879 seconds.
  path: Assets/Materials/MI_Lollipop3.mat
  artifactKey: Guid(dfe787d0bf3c5424588d6088f2aab57b) Importer(815301076,1909f56bfc062723c751e8b465ee728b)
Start importing Assets/Materials/MI_Lollipop3.mat using Guid(dfe787d0bf3c5424588d6088f2aab57b) Importer(815301076,1909f56bfc062723c751e8b465ee728b)  -> (artifact id: '7b26c8369547a8aec7077afba2fd7ced') in 0.025626 seconds 
========================================================================
Received Import Request.
  Time since last request: 0.000017 seconds.
  path: Assets/Materials/MI_LollipopTree1.mat
  artifactKey: Guid(d4be3b7c03ce2474d80bf54b5d6e538f) Importer(815301076,1909f56bfc062723c751e8b465ee728b)
Start importing Assets/Materials/MI_LollipopTree1.mat using Guid(d4be3b7c03ce2474d80bf54b5d6e538f) Importer(815301076,1909f56bfc062723c751e8b465ee728b)  -> (artifact id: 'c2360ca5d47a61739a4c8c5cc35b9644') in 0.023849 seconds 
========================================================================
Received Import Request.
  Time since last request: 58.371184 seconds.
  path: Assets/Materials/MI_GingerbreadBarrack.mat
  artifactKey: Guid(1bc313af337016640805ea95f3988e6b) Importer(815301076,1909f56bfc062723c751e8b465ee728b)
Start importing Assets/Materials/MI_GingerbreadBarrack.mat using Guid(1bc313af337016640805ea95f3988e6b) Importer(815301076,1909f56bfc062723c751e8b465ee728b)  -> (artifact id: '3461cac9e489247634608e2431c4b468') in 0.040028 seconds 
========================================================================
Received Import Request.
  Time since last request: 0.000016 seconds.
  path: Assets/Materials/MI_HubAssets1.mat
  artifactKey: Guid(a5faa9fec583480499867d21307ebfd4) Importer(815301076,1909f56bfc062723c751e8b465ee728b)
Start importing Assets/Materials/MI_HubAssets1.mat using Guid(a5faa9fec583480499867d21307ebfd4) Importer(815301076,1909f56bfc062723c751e8b465ee728b)  -> (artifact id: 'b2373ee26f4d40b4f6c8b115e1cc1d20') in 0.116299 seconds 
========================================================================
Received Import Request.
  Time since last request: 0.000018 seconds.
  path: Assets/Materials/MI_SodaBottle.mat
  artifactKey: Guid(6c34fce9230b02b4dba2a69909188b96) Importer(815301076,1909f56bfc062723c751e8b465ee728b)
Start importing Assets/Materials/MI_SodaBottle.mat using Guid(6c34fce9230b02b4dba2a69909188b96) Importer(815301076,1909f56bfc062723c751e8b465ee728b)  -> (artifact id: 'fad98680dd84edc72c1518cbe740f0c9') in 0.051810 seconds 
========================================================================
Received Import Request.
  Time since last request: 49.683591 seconds.
  path: Assets/Assets/CastlePillar1.fbx
  artifactKey: Guid(942d9e3ca439304458018ee73186197e) Importer(815301076,1909f56bfc062723c751e8b465ee728b)
Start importing Assets/Assets/CastlePillar1.fbx using Guid(942d9e3ca439304458018ee73186197e) Importer(815301076,1909f56bfc062723c751e8b465ee728b)  -> (artifact id: 'c0b9abba48230aa5a67f8a6e62ec1e32') in 0.084919 seconds 
========================================================================
Received Import Request.
  Time since last request: 0.000017 seconds.
  path: Assets/Assets/SodaBottle1.fbx
  artifactKey: Guid(239fd48863c56d242b9b771ef2fbf124) Importer(815301076,1909f56bfc062723c751e8b465ee728b)
Start importing Assets/Assets/SodaBottle1.fbx using Guid(239fd48863c56d242b9b771ef2fbf124) Importer(815301076,1909f56bfc062723c751e8b465ee728b)  -> (artifact id: '9a67549a6d5f9584877d1ac90a659828') in 0.025320 seconds 
========================================================================
Received Import Request.
  Time since last request: 0.000017 seconds.
  path: Assets/Assets/DropCandy2.fbx
  artifactKey: Guid(61b07b6cf0d38e14e92f77a350cec011) Importer(815301076,1909f56bfc062723c751e8b465ee728b)
Start importing Assets/Assets/DropCandy2.fbx using Guid(61b07b6cf0d38e14e92f77a350cec011) Importer(815301076,1909f56bfc062723c751e8b465ee728b)  -> (artifact id: 'd045e3a53f5f2154150043cb1490fb29') in 0.023189 seconds 
========================================================================
Received Import Request.
  Time since last request: 0.000018 seconds.
  path: Assets/Assets/Tower1.fbx
  artifactKey: Guid(c3359f78d0f415a4281cd5ae6bc254fc) Importer(815301076,1909f56bfc062723c751e8b465ee728b)
Start importing Assets/Assets/Tower1.fbx using Guid(c3359f78d0f415a4281cd5ae6bc254fc) Importer(815301076,1909f56bfc062723c751e8b465ee728b)  -> (artifact id: 'fa248b731f5a9ee272ef02ddb14fda29') in 0.027816 seconds 
========================================================================
Received Import Request.
  Time since last request: 0.000019 seconds.
  path: Assets/Assets/SignToLollipopForest.fbx
  artifactKey: Guid(d883fd7a186492843968e86d4a763c60) Importer(815301076,1909f56bfc062723c751e8b465ee728b)
Start importing Assets/Assets/SignToLollipopForest.fbx using Guid(d883fd7a186492843968e86d4a763c60) Importer(815301076,1909f56bfc062723c751e8b465ee728b)  -> (artifact id: '4f9a1f4ebd39ce22ca1e9a528b74639e') in 0.024331 seconds 
========================================================================
Received Import Request.
  Time since last request: 0.000020 seconds.
  path: Assets/Assets/SignToCavityCanyon.fbx
  artifactKey: Guid(7167b14c827e86b4ab63b58d7578eea9) Importer(815301076,1909f56bfc062723c751e8b465ee728b)
Start importing Assets/Assets/SignToCavityCanyon.fbx using Guid(7167b14c827e86b4ab63b58d7578eea9) Importer(815301076,1909f56bfc062723c751e8b465ee728b)  -> (artifact id: 'ee035a0cdf3de263a258132b1ab36766') in 0.023840 seconds 
Editor requested this worker to shutdown with reason: Scaling down because of idle timeout
AssetImportWorker is now disconnected from the server
Process exiting
Exiting without the bug reporter. Application will terminate with return code 0