Using pre-set license
Built from '2021.3/staging' branch; Version is '2021.3.16f1 (4016570cf34f) revision 4200023'; Using compiler version '192829333'; Build Type 'Release'
OS: 'Windows 10  (10.0.19045) 64bit Core' Language: 'en' Physical Memory: 16309 MB
BatchMode: 1, IsHumanControllingUs: 0, StartBugReporterOnCrash: 0, Is64bit: 1, IsPro: 1

COMMAND LINE ARGUMENTS:
C:\Program Files\Unity\Hub\Editor\2021.3.16f1\Editor\Unity.exe
-adb2
-batchMode
-noUpm
-name
AssetImportWorker2
-projectPath
D:/Githubrepos/HomeSweetHomeP3/Assets
-logFile
Logs/AssetImportWorker2.log
-srvPort
64696
Successfully changed project path to: D:/Githubrepos/HomeSweetHomeP3/Assets
D:/Githubrepos/HomeSweetHomeP3/Assets
[UnityMemory] Configuration Parameters - Can be set up in boot.config
    "memorysetup-bucket-allocator-granularity=16"
    "memorysetup-bucket-allocator-bucket-count=8"
    "memorysetup-bucket-allocator-block-size=33554432"
    "memorysetup-bucket-allocator-block-count=8"
    "memorysetup-main-allocator-block-size=16777216"
    "memorysetup-thread-allocator-block-size=16777216"
    "memorysetup-gfx-main-allocator-block-size=16777216"
    "memorysetup-gfx-thread-allocator-block-size=16777216"
    "memorysetup-cache-allocator-block-size=4194304"
    "memorysetup-typetree-allocator-block-size=2097152"
    "memorysetup-profiler-bucket-allocator-granularity=16"
    "memorysetup-profiler-bucket-allocator-bucket-count=8"
    "memorysetup-profiler-bucket-allocator-block-size=33554432"
    "memorysetup-profiler-bucket-allocator-block-count=8"
    "memorysetup-profiler-allocator-block-size=16777216"
    "memorysetup-profiler-editor-allocator-block-size=1048576"
    "memorysetup-temp-allocator-size-main=16777216"
    "memorysetup-job-temp-allocator-block-size=2097152"
    "memorysetup-job-temp-allocator-block-size-background=1048576"
    "memorysetup-job-temp-allocator-reduction-small-platforms=262144"
    "memorysetup-temp-allocator-size-background-worker=32768"
    "memorysetup-temp-allocator-size-job-worker=262144"
    "memorysetup-temp-allocator-size-preload-manager=33554432"
    "memorysetup-temp-allocator-size-nav-mesh-worker=65536"
    "memorysetup-temp-allocator-size-audio-worker=65536"
    "memorysetup-temp-allocator-size-cloud-worker=32768"
    "memorysetup-temp-allocator-size-gi-baking-worker=262144"
    "memorysetup-temp-allocator-size-gfx=262144"
Player connection [19368] Host "[IP] 192.168.1.26 [Port] 0 [Flags] 2 [Guid] 1692924957 [EditorId] 1692924957 [Version] 1048832 [Id] WindowsEditor(7,DESKTOP-7LAE9IP) [Debug] 1 [PackageName] WindowsEditor [ProjectName] Editor" joined multi-casting on [225.0.0.222:54997]...

Player connection [19368] Host "[IP] 192.168.1.26 [Port] 0 [Flags] 2 [Guid] 1692924957 [EditorId] 1692924957 [Version] 1048832 [Id] WindowsEditor(7,DESKTOP-7LAE9IP) [Debug] 1 [PackageName] WindowsEditor [ProjectName] Editor" joined alternative multi-casting on [225.0.0.222:34997]...

Refreshing native plugins compatible for Editor in 79.29 ms, found 3 plugins.
Preloading 0 native plugins for Editor in 0.00 ms.
Initialize engine version: 2021.3.16f1 (4016570cf34f)
[Subsystems] Discovering subsystems at path C:/Program Files/Unity/Hub/Editor/2021.3.16f1/Editor/Data/Resources/UnitySubsystems
[Subsystems] Discovering subsystems at path D:/Githubrepos/HomeSweetHomeP3/Assets/Assets
GfxDevice: creating device client; threaded=0; jobified=0
Direct3D:
    Version:  Direct3D 11.0 [level 11.1]
    Renderer: AMD Radeon RX 6700 XT (ID=0x73df)
    Vendor:   ATI
    VRAM:     12243 MB
    Driver:   31.0.24002.92
Initialize mono
Mono path[0] = 'C:/Program Files/Unity/Hub/Editor/2021.3.16f1/Editor/Data/Managed'
Mono path[1] = 'C:/Program Files/Unity/Hub/Editor/2021.3.16f1/Editor/Data/MonoBleedingEdge/lib/mono/unityjit-win32'
Mono config path = 'C:/Program Files/Unity/Hub/Editor/2021.3.16f1/Editor/Data/MonoBleedingEdge/etc'
Using monoOptions --debugger-agent=transport=dt_socket,embedding=1,server=y,suspend=n,address=127.0.0.1:56400
Begin MonoManager ReloadAssembly
Registering precompiled unity dll's ...
Register platform support module: C:/Program Files/Unity/Hub/Editor/2021.3.16f1/Editor/Data/PlaybackEngines/WebGLSupport/UnityEditor.WebGL.Extensions.dll
Register platform support module: C:/Program Files/Unity/Hub/Editor/2021.3.16f1/Editor/Data/PlaybackEngines/WindowsStandaloneSupport/UnityEditor.WindowsStandalone.Extensions.dll
Registered in 0.040514 seconds.
Native extension for WindowsStandalone target not found
Native extension for WebGL target not found
Refreshing native plugins compatible for Editor in 72.00 ms, found 3 plugins.
Preloading 0 native plugins for Editor in 0.00 ms.
Mono: successfully reloaded assembly
- Completed reload, in  0.906 seconds
Domain Reload Profiling:
	ReloadAssembly (907ms)
		BeginReloadAssembly (162ms)
			ExecutionOrderSort (0ms)
			DisableScriptedObjects (0ms)
			BackupInstance (0ms)
			ReleaseScriptingObjects (0ms)
			CreateAndSetChildDomain (1ms)
		EndReloadAssembly (535ms)
			LoadAssemblies (149ms)
			RebuildTransferFunctionScriptingTraits (0ms)
			SetupTypeCache (127ms)
			ReleaseScriptCaches (0ms)
			RebuildScriptCaches (26ms)
			SetupLoadedEditorAssemblies (301ms)
				LogAssemblyErrors (0ms)
				InitializePlatformSupportModulesInManaged (19ms)
				SetLoadedEditorAssemblies (0ms)
				RefreshPlugins (72ms)
				BeforeProcessingInitializeOnLoad (1ms)
				ProcessInitializeOnLoadAttributes (152ms)
				ProcessInitializeOnLoadMethodAttributes (57ms)
				AfterProcessingInitializeOnLoad (0ms)
				EditorAssembliesLoaded (0ms)
			ExecutionOrderSort2 (0ms)
			AwakeInstancesAfterBackupRestoration (0ms)
Platform modules already initialized, skipping
Registering precompiled user dll's ...
Registered in 0.011299 seconds.
Begin MonoManager ReloadAssembly
Native extension for WindowsStandalone target not found
Native extension for WebGL target not found
Refreshing native plugins compatible for Editor in 0.75 ms, found 3 plugins.
Preloading 0 native plugins for Editor in 0.00 ms.
Mono: successfully reloaded assembly
- Completed reload, in  1.339 seconds
Domain Reload Profiling:
	ReloadAssembly (1340ms)
		BeginReloadAssembly (190ms)
			ExecutionOrderSort (0ms)
			DisableScriptedObjects (6ms)
			BackupInstance (0ms)
			ReleaseScriptingObjects (0ms)
			CreateAndSetChildDomain (23ms)
		EndReloadAssembly (958ms)
			LoadAssemblies (161ms)
			RebuildTransferFunctionScriptingTraits (0ms)
			SetupTypeCache (270ms)
			ReleaseScriptCaches (1ms)
			RebuildScriptCaches (55ms)
			SetupLoadedEditorAssemblies (464ms)
				LogAssemblyErrors (0ms)
				InitializePlatformSupportModulesInManaged (17ms)
				SetLoadedEditorAssemblies (1ms)
				RefreshPlugins (1ms)
				BeforeProcessingInitializeOnLoad (124ms)
				ProcessInitializeOnLoadAttributes (253ms)
				ProcessInitializeOnLoadMethodAttributes (27ms)
				AfterProcessingInitializeOnLoad (41ms)
				EditorAssembliesLoaded (0ms)
			ExecutionOrderSort2 (0ms)
			AwakeInstancesAfterBackupRestoration (6ms)
Platform modules already initialized, skipping
========================================================================
Worker process is ready to serve import requests
Launched and connected shader compiler UnityShaderCompiler.exe after 0.07 seconds
Refreshing native plugins compatible for Editor in 0.85 ms, found 3 plugins.
Preloading 0 native plugins for Editor in 0.00 ms.
Unloading 3230 Unused Serialized files (Serialized files now loaded: 0)
Unloading 24 unused Assets / (56.1 KB). Loaded Objects now: 3690.
Memory consumption went from 110.8 MB to 110.8 MB.
Total: 3.908000 ms (FindLiveObjects: 0.472200 ms CreateObjectMapping: 0.282400 ms MarkObjects: 3.065800 ms  DeleteObjects: 0.086400 ms)

AssetImportParameters requested are different than current active one (requested -> active):
  custom:video-decoder-ogg-theora: a1e56fd34408186e4bbccfd4996cb3dc -> 
  custom:container-muxer-webm: aa71ff27fc2769a1b78a27578f13a17b -> 
  custom:container-demuxer-webm: 4f35f7cbe854078d1ac9338744f61a02 -> 
  custom:video-encoder-webm-vp8: eb34c28f22e8b96e1ab97ce403110664 -> 
  custom:audio-encoder-webm-vorbis: bf7c407c2cedff20999df2af8eb42d56 -> 
  custom:framework-win-MediaFoundation: 216162199b28c13a410421893ffa2e32 -> 
  custom:container-demuxer-ogg: 62fdf1f143b41e24485cea50d1cbac27 -> 
  custom:video-decoder-webm-vp8: 9c59270c3fd7afecdb556c50c9e8de78 -> 
  custom:audio-decoder-ogg-vorbis: bf7c407c2cedff20999df2af8eb42d56 -> 
========================================================================
Received Import Request.
  Time since last request: 689788.253181 seconds.
  path: Assets/Characters/Brocolli.obj
  artifactKey: Guid(c07622c68b97d304d9d825059cf51f03) Importer(815301076,1909f56bfc062723c751e8b465ee728b)
Start importing Assets/Characters/Brocolli.obj using Guid(c07622c68b97d304d9d825059cf51f03) Importer(815301076,1909f56bfc062723c751e8b465ee728b)  -> (artifact id: '1b6e62287ca2a46b210dc93971c7f2d0') in 0.575533 seconds 
========================================================================
Received Import Request.
  Time since last request: 0.000035 seconds.
  path: Assets/Animation/pep_idle.fbx
  artifactKey: Guid(807d703aa630c8641ba1e1d59d9a130e) Importer(815301076,1909f56bfc062723c751e8b465ee728b)
Start importing Assets/Animation/pep_idle.fbx using Guid(807d703aa630c8641ba1e1d59d9a130e) Importer(815301076,1909f56bfc062723c751e8b465ee728b)  -> (artifact id: 'e3a7c351189ea07912c9cdd54ad1bfbf') in 0.086280 seconds 
========================================================================
Received Import Request.
  Time since last request: 0.000030 seconds.
  path: Assets/Animation/pep_weapon_swap.fbx
  artifactKey: Guid(7608ae26c8b9ab94c9992698c392443c) Importer(815301076,1909f56bfc062723c751e8b465ee728b)
Start importing Assets/Animation/pep_weapon_swap.fbx using Guid(7608ae26c8b9ab94c9992698c392443c) Importer(815301076,1909f56bfc062723c751e8b465ee728b)  -> (artifact id: 'f8cf44c53547ac4f4b611286e4458b4c') in 0.105326 seconds 
========================================================================
Received Import Request.
  Time since last request: 0.000027 seconds.
  path: Assets/Environment/DropCandy1.fbx
  artifactKey: Guid(3d6c05f94e5626446add0cac59015d88) Importer(815301076,1909f56bfc062723c751e8b465ee728b)
Start importing Assets/Environment/DropCandy1.fbx using Guid(3d6c05f94e5626446add0cac59015d88) Importer(815301076,1909f56bfc062723c751e8b465ee728b)  -> (artifact id: '14355ec30573399e4ed5f2ac0459ce5e') in 0.018202 seconds 
========================================================================
Received Import Request.
  Time since last request: 0.000032 seconds.
  path: Assets/Environment/Fence1.fbx
  artifactKey: Guid(789a35e180666d248bc4b4858f7f0e53) Importer(815301076,1909f56bfc062723c751e8b465ee728b)
Start importing Assets/Environment/Fence1.fbx using Guid(789a35e180666d248bc4b4858f7f0e53) Importer(815301076,1909f56bfc062723c751e8b465ee728b)  -> (artifact id: '47488b613f00c867a83260aa8c975ad6') in 0.018993 seconds 
========================================================================
Received Import Request.
  Time since last request: 0.000020 seconds.
  path: Assets/Characters/broc_fbx.fbx
  artifactKey: Guid(53c4cd9c1c6725f4f88ff1516021c608) Importer(815301076,1909f56bfc062723c751e8b465ee728b)
Start importing Assets/Characters/broc_fbx.fbx using Guid(53c4cd9c1c6725f4f88ff1516021c608) Importer(815301076,1909f56bfc062723c751e8b465ee728b)  -> (artifact id: 'f700d2da0b71a8951e64a1bed1fa0965') in 0.112968 seconds 
========================================================================
Received Import Request.
  Time since last request: 0.000023 seconds.
  path: Assets/Animation/pep_walk (3).fbx
  artifactKey: Guid(a85f568874bf98246a6fe3893134aaa5) Importer(815301076,1909f56bfc062723c751e8b465ee728b)
Start importing Assets/Animation/pep_walk (3).fbx using Guid(a85f568874bf98246a6fe3893134aaa5) Importer(815301076,1909f56bfc062723c751e8b465ee728b)  -> (artifact id: 'f90e435302e8c6abba39b78068ad79a3') in 0.037893 seconds 
========================================================================
Received Import Request.
  Time since last request: 0.000033 seconds.
  path: Assets/Environment/Wall1.fbx
  artifactKey: Guid(409c1b038b3c2c245b7ecfe634853983) Importer(815301076,1909f56bfc062723c751e8b465ee728b)
Start importing Assets/Environment/Wall1.fbx using Guid(409c1b038b3c2c245b7ecfe634853983) Importer(815301076,1909f56bfc062723c751e8b465ee728b)  -> (artifact id: 'a49f193bb7d269e07b77577d323fecf7') in 0.019879 seconds 
========================================================================
Received Import Request.
  Time since last request: 0.000019 seconds.
  path: Assets/Environment/LollipopTarget1.fbx
  artifactKey: Guid(fd449ffada39ca649b2a73fcac7b0487) Importer(815301076,1909f56bfc062723c751e8b465ee728b)
Start importing Assets/Environment/LollipopTarget1.fbx using Guid(fd449ffada39ca649b2a73fcac7b0487) Importer(815301076,1909f56bfc062723c751e8b465ee728b)  -> (artifact id: 'b9a4c44942dd876a5e636217d9b4d8d4') in 0.018916 seconds 
========================================================================
Received Import Request.
  Time since last request: 0.000025 seconds.
  path: Assets/Environment/DropCandy5.fbx
  artifactKey: Guid(ae2ab2db893296c4c953160b48f35410) Importer(815301076,1909f56bfc062723c751e8b465ee728b)
Start importing Assets/Environment/DropCandy5.fbx using Guid(ae2ab2db893296c4c953160b48f35410) Importer(815301076,1909f56bfc062723c751e8b465ee728b)  -> (artifact id: '39c34908b8c89356faf96e040ceed37d') in 0.020564 seconds 
========================================================================
Received Import Request.
  Time since last request: 0.000025 seconds.
  path: Assets/Environment/SodaBottle1.fbx
  artifactKey: Guid(239fd48863c56d242b9b771ef2fbf124) Importer(815301076,1909f56bfc062723c751e8b465ee728b)
Start importing Assets/Environment/SodaBottle1.fbx using Guid(239fd48863c56d242b9b771ef2fbf124) Importer(815301076,1909f56bfc062723c751e8b465ee728b)  -> (artifact id: 'f19b37c03e561a9db760db28de64634e') in 0.018784 seconds 
========================================================================
Received Import Request.
  Time since last request: 0.000027 seconds.
  path: Assets/Environment/RockCandy1.fbx
  artifactKey: Guid(110b0ce9b6c46dd4da4fcfe9ef24dbed) Importer(815301076,1909f56bfc062723c751e8b465ee728b)
Start importing Assets/Environment/RockCandy1.fbx using Guid(110b0ce9b6c46dd4da4fcfe9ef24dbed) Importer(815301076,1909f56bfc062723c751e8b465ee728b)  -> (artifact id: '1d4abca5875cca6543dfcb6577e98628') in 0.018204 seconds 
========================================================================
Received Import Request.
  Time since last request: 0.000033 seconds.
  path: Assets/Animation/broc_rig.obj
  artifactKey: Guid(daf220d859698d343be9e890c7b87aff) Importer(815301076,1909f56bfc062723c751e8b465ee728b)
Start importing Assets/Animation/broc_rig.obj using Guid(daf220d859698d343be9e890c7b87aff) Importer(815301076,1909f56bfc062723c751e8b465ee728b)  -> (artifact id: 'ef63376b51b8dacc5ea37e7f1867fe39') in 0.029958 seconds 
========================================================================
Received Import Request.
  Time since last request: 0.000023 seconds.
  path: Assets/Weapons/PeppermintGun.fbx
  artifactKey: Guid(61f5ed282fc45ec44aa88268613fc44a) Importer(815301076,1909f56bfc062723c751e8b465ee728b)
Start importing Assets/Weapons/PeppermintGun.fbx using Guid(61f5ed282fc45ec44aa88268613fc44a) Importer(815301076,1909f56bfc062723c751e8b465ee728b)  -> (artifact id: 'cf6f2178a8401cfedee2f8c71ee5c6f9') in 0.327355 seconds 
========================================================================
Received Import Request.
  Time since last request: 0.000032 seconds.
  path: Assets/Weapons/MI_Grapple.mat
  artifactKey: Guid(b759a62e491337a45b0f01f96a0a65a1) Importer(815301076,1909f56bfc062723c751e8b465ee728b)
Start importing Assets/Weapons/MI_Grapple.mat using Guid(b759a62e491337a45b0f01f96a0a65a1) Importer(815301076,1909f56bfc062723c751e8b465ee728b)  -> (artifact id: '577212f441143cccf25b15f716bc7804') in 0.363926 seconds 
========================================================================
Received Import Request.
  Time since last request: 1.869004 seconds.
  path: Assets/Environment
  artifactKey: Guid(44107e046a1c8fa46a059d096461808c) Importer(815301076,1909f56bfc062723c751e8b465ee728b)
Start importing Assets/Environment using Guid(44107e046a1c8fa46a059d096461808c) Importer(815301076,1909f56bfc062723c751e8b465ee728b)  -> (artifact id: '9994266eb2cfe7d2a5447077bbca43d1') in 0.009392 seconds 
========================================================================
Received Import Request.
  Time since last request: 7.187175 seconds.
  path: Assets/Weapons
  artifactKey: Guid(c81c73369c96e2746a358690eef5da51) Importer(815301076,1909f56bfc062723c751e8b465ee728b)
Start importing Assets/Weapons using Guid(c81c73369c96e2746a358690eef5da51) Importer(815301076,1909f56bfc062723c751e8b465ee728b)  -> (artifact id: '0027d4528fc16e882e8b209779da4a1e') in 0.010041 seconds 
