Using pre-set license
Built from '2021.3/staging' branch; Version is '2021.3.16f1 (4016570cf34f) revision 4200023'; Using compiler version '192829333'; Build Type 'Release'
OS: 'Windows 10  (10.0.19045) 64bit Core' Language: 'en' Physical Memory: 16309 MB
BatchMode: 1, IsHumanControllingUs: 0, StartBugReporterOnCrash: 0, Is64bit: 1, IsPro: 1

COMMAND LINE ARGUMENTS:
C:\Program Files\Unity\Hub\Editor\2021.3.16f1\Editor\Unity.exe
-adb2
-batchMode
-noUpm
-name
AssetImportWorker0
-projectPath
D:/Githubrepos/HomeSweetHomeP3/Assets
-logFile
Logs/AssetImportWorker0.log
-srvPort
64696
Successfully changed project path to: D:/Githubrepos/HomeSweetHomeP3/Assets
D:/Githubrepos/HomeSweetHomeP3/Assets
[UnityMemory] Configuration Parameters - Can be set up in boot.config
    "memorysetup-bucket-allocator-granularity=16"
    "memorysetup-bucket-allocator-bucket-count=8"
    "memorysetup-bucket-allocator-block-size=33554432"
    "memorysetup-bucket-allocator-block-count=8"
    "memorysetup-main-allocator-block-size=16777216"
    "memorysetup-thread-allocator-block-size=16777216"
    "memorysetup-gfx-main-allocator-block-size=16777216"
    "memorysetup-gfx-thread-allocator-block-size=16777216"
    "memorysetup-cache-allocator-block-size=4194304"
    "memorysetup-typetree-allocator-block-size=2097152"
    "memorysetup-profiler-bucket-allocator-granularity=16"
    "memorysetup-profiler-bucket-allocator-bucket-count=8"
    "memorysetup-profiler-bucket-allocator-block-size=33554432"
    "memorysetup-profiler-bucket-allocator-block-count=8"
    "memorysetup-profiler-allocator-block-size=16777216"
    "memorysetup-profiler-editor-allocator-block-size=1048576"
    "memorysetup-temp-allocator-size-main=16777216"
    "memorysetup-job-temp-allocator-block-size=2097152"
    "memorysetup-job-temp-allocator-block-size-background=1048576"
    "memorysetup-job-temp-allocator-reduction-small-platforms=262144"
    "memorysetup-temp-allocator-size-background-worker=32768"
    "memorysetup-temp-allocator-size-job-worker=262144"
    "memorysetup-temp-allocator-size-preload-manager=33554432"
    "memorysetup-temp-allocator-size-nav-mesh-worker=65536"
    "memorysetup-temp-allocator-size-audio-worker=65536"
    "memorysetup-temp-allocator-size-cloud-worker=32768"
    "memorysetup-temp-allocator-size-gi-baking-worker=262144"
    "memorysetup-temp-allocator-size-gfx=262144"
Player connection [27232] Host "[IP] 192.168.1.26 [Port] 0 [Flags] 2 [Guid] 60528220 [EditorId] 60528220 [Version] 1048832 [Id] WindowsEditor(7,DESKTOP-7LAE9IP) [Debug] 1 [PackageName] WindowsEditor [ProjectName] Editor" joined multi-casting on [225.0.0.222:54997]...

Player connection [27232] Host "[IP] 192.168.1.26 [Port] 0 [Flags] 2 [Guid] 60528220 [EditorId] 60528220 [Version] 1048832 [Id] WindowsEditor(7,DESKTOP-7LAE9IP) [Debug] 1 [PackageName] WindowsEditor [ProjectName] Editor" joined alternative multi-casting on [225.0.0.222:34997]...

Refreshing native plugins compatible for Editor in 82.72 ms, found 3 plugins.
Preloading 0 native plugins for Editor in 0.00 ms.
Initialize engine version: 2021.3.16f1 (4016570cf34f)
[Subsystems] Discovering subsystems at path C:/Program Files/Unity/Hub/Editor/2021.3.16f1/Editor/Data/Resources/UnitySubsystems
[Subsystems] Discovering subsystems at path D:/Githubrepos/HomeSweetHomeP3/Assets/Assets
GfxDevice: creating device client; threaded=0; jobified=0
Direct3D:
    Version:  Direct3D 11.0 [level 11.1]
    Renderer: AMD Radeon RX 6700 XT (ID=0x73df)
    Vendor:   ATI
    VRAM:     12243 MB
    Driver:   31.0.24002.92
Initialize mono
Mono path[0] = 'C:/Program Files/Unity/Hub/Editor/2021.3.16f1/Editor/Data/Managed'
Mono path[1] = 'C:/Program Files/Unity/Hub/Editor/2021.3.16f1/Editor/Data/MonoBleedingEdge/lib/mono/unityjit-win32'
Mono config path = 'C:/Program Files/Unity/Hub/Editor/2021.3.16f1/Editor/Data/MonoBleedingEdge/etc'
Using monoOptions --debugger-agent=transport=dt_socket,embedding=1,server=y,suspend=n,address=127.0.0.1:56688
Begin MonoManager ReloadAssembly
Registering precompiled unity dll's ...
Register platform support module: C:/Program Files/Unity/Hub/Editor/2021.3.16f1/Editor/Data/PlaybackEngines/WebGLSupport/UnityEditor.WebGL.Extensions.dll
Register platform support module: C:/Program Files/Unity/Hub/Editor/2021.3.16f1/Editor/Data/PlaybackEngines/WindowsStandaloneSupport/UnityEditor.WindowsStandalone.Extensions.dll
Registered in 0.038407 seconds.
Native extension for WindowsStandalone target not found
Native extension for WebGL target not found
Refreshing native plugins compatible for Editor in 69.79 ms, found 3 plugins.
Preloading 0 native plugins for Editor in 0.00 ms.
Mono: successfully reloaded assembly
- Completed reload, in  0.911 seconds
Domain Reload Profiling:
	ReloadAssembly (912ms)
		BeginReloadAssembly (169ms)
			ExecutionOrderSort (0ms)
			DisableScriptedObjects (0ms)
			BackupInstance (0ms)
			ReleaseScriptingObjects (0ms)
			CreateAndSetChildDomain (1ms)
		EndReloadAssembly (538ms)
			LoadAssemblies (157ms)
			RebuildTransferFunctionScriptingTraits (0ms)
			SetupTypeCache (130ms)
			ReleaseScriptCaches (0ms)
			RebuildScriptCaches (28ms)
			SetupLoadedEditorAssemblies (296ms)
				LogAssemblyErrors (0ms)
				InitializePlatformSupportModulesInManaged (21ms)
				SetLoadedEditorAssemblies (0ms)
				RefreshPlugins (70ms)
				BeforeProcessingInitializeOnLoad (1ms)
				ProcessInitializeOnLoadAttributes (154ms)
				ProcessInitializeOnLoadMethodAttributes (49ms)
				AfterProcessingInitializeOnLoad (0ms)
				EditorAssembliesLoaded (0ms)
			ExecutionOrderSort2 (0ms)
			AwakeInstancesAfterBackupRestoration (0ms)
Platform modules already initialized, skipping
Registering precompiled user dll's ...
Registered in 0.010925 seconds.
Begin MonoManager ReloadAssembly
Native extension for WindowsStandalone target not found
Native extension for WebGL target not found
Refreshing native plugins compatible for Editor in 1.34 ms, found 3 plugins.
Preloading 0 native plugins for Editor in 0.00 ms.
Mono: successfully reloaded assembly
- Completed reload, in  1.338 seconds
Domain Reload Profiling:
	ReloadAssembly (1339ms)
		BeginReloadAssembly (188ms)
			ExecutionOrderSort (0ms)
			DisableScriptedObjects (6ms)
			BackupInstance (0ms)
			ReleaseScriptingObjects (0ms)
			CreateAndSetChildDomain (22ms)
		EndReloadAssembly (974ms)
			LoadAssemblies (162ms)
			RebuildTransferFunctionScriptingTraits (0ms)
			SetupTypeCache (256ms)
			ReleaseScriptCaches (1ms)
			RebuildScriptCaches (60ms)
			SetupLoadedEditorAssemblies (483ms)
				LogAssemblyErrors (0ms)
				InitializePlatformSupportModulesInManaged (18ms)
				SetLoadedEditorAssemblies (1ms)
				RefreshPlugins (1ms)
				BeforeProcessingInitializeOnLoad (134ms)
				ProcessInitializeOnLoadAttributes (259ms)
				ProcessInitializeOnLoadMethodAttributes (26ms)
				AfterProcessingInitializeOnLoad (43ms)
				EditorAssembliesLoaded (0ms)
			ExecutionOrderSort2 (0ms)
			AwakeInstancesAfterBackupRestoration (6ms)
Platform modules already initialized, skipping
========================================================================
Worker process is ready to serve import requests
Launched and connected shader compiler UnityShaderCompiler.exe after 0.08 seconds
Refreshing native plugins compatible for Editor in 0.82 ms, found 3 plugins.
Preloading 0 native plugins for Editor in 0.00 ms.
Unloading 3230 Unused Serialized files (Serialized files now loaded: 0)
Unloading 24 unused Assets / (56.1 KB). Loaded Objects now: 3690.
Memory consumption went from 110.8 MB to 110.8 MB.
Total: 9.541900 ms (FindLiveObjects: 0.660700 ms CreateObjectMapping: 0.149600 ms MarkObjects: 8.365400 ms  DeleteObjects: 0.364800 ms)

AssetImportParameters requested are different than current active one (requested -> active):
  custom:video-decoder-ogg-theora: a1e56fd34408186e4bbccfd4996cb3dc -> 
  custom:container-muxer-webm: aa71ff27fc2769a1b78a27578f13a17b -> 
  custom:container-demuxer-webm: 4f35f7cbe854078d1ac9338744f61a02 -> 
  custom:video-encoder-webm-vp8: eb34c28f22e8b96e1ab97ce403110664 -> 
  custom:audio-encoder-webm-vorbis: bf7c407c2cedff20999df2af8eb42d56 -> 
  custom:framework-win-MediaFoundation: 216162199b28c13a410421893ffa2e32 -> 
  custom:container-demuxer-ogg: 62fdf1f143b41e24485cea50d1cbac27 -> 
  custom:video-decoder-webm-vp8: 9c59270c3fd7afecdb556c50c9e8de78 -> 
  custom:audio-decoder-ogg-vorbis: bf7c407c2cedff20999df2af8eb42d56 -> 
========================================================================
Received Import Request.
  Time since last request: 689788.154268 seconds.
  path: Assets/Animation/broc_rig.fbx
  artifactKey: Guid(85e50bab8b95ef84388be48fced88720) Importer(815301076,1909f56bfc062723c751e8b465ee728b)
Start importing Assets/Animation/broc_rig.fbx using Guid(85e50bab8b95ef84388be48fced88720) Importer(815301076,1909f56bfc062723c751e8b465ee728b)  -> (artifact id: '334009b248f992c1c3bd322a52e934ca') in 0.530800 seconds 
========================================================================
Received Import Request.
  Time since last request: 0.000030 seconds.
  path: Assets/Animation/pep_shoot_1.fbx
  artifactKey: Guid(1d5a7cbbec1838a4e97715997b5ae4d5) Importer(815301076,1909f56bfc062723c751e8b465ee728b)
Start importing Assets/Animation/pep_shoot_1.fbx using Guid(1d5a7cbbec1838a4e97715997b5ae4d5) Importer(815301076,1909f56bfc062723c751e8b465ee728b)  -> (artifact id: 'a019a0a5530b73e0ddcda893b80f065f') in 0.124269 seconds 
========================================================================
Received Import Request.
  Time since last request: 0.000028 seconds.
  path: Assets/Animation/pep_grappel.fbx
  artifactKey: Guid(3b7da19ca01666741ab71ae44fd95793) Importer(815301076,1909f56bfc062723c751e8b465ee728b)
Start importing Assets/Animation/pep_grappel.fbx using Guid(3b7da19ca01666741ab71ae44fd95793) Importer(815301076,1909f56bfc062723c751e8b465ee728b)  -> (artifact id: 'e9ea7bfba01040490c93e892af9468a5') in 0.035240 seconds 
========================================================================
Received Import Request.
  Time since last request: 0.000030 seconds.
  path: Assets/Characters/Peppermint.fbx
  artifactKey: Guid(093510d8d26661648811fd9afbc9f898) Importer(815301076,1909f56bfc062723c751e8b465ee728b)
Start importing Assets/Characters/Peppermint.fbx using Guid(093510d8d26661648811fd9afbc9f898) Importer(815301076,1909f56bfc062723c751e8b465ee728b)  -> (artifact id: '42caddec995f6dc96bb5b5e6e48847d3') in 0.116411 seconds 
========================================================================
Received Import Request.
  Time since last request: 0.000022 seconds.
  path: Assets/Animation/pep_shoot_2.fbx
  artifactKey: Guid(0b3441940aaa18d42b0756707baa1428) Importer(815301076,1909f56bfc062723c751e8b465ee728b)
Start importing Assets/Animation/pep_shoot_2.fbx using Guid(0b3441940aaa18d42b0756707baa1428) Importer(815301076,1909f56bfc062723c751e8b465ee728b)  -> (artifact id: 'be3fcad7117582b3937a7aeb6120466e') in 0.085754 seconds 
========================================================================
Received Import Request.
  Time since last request: 0.000025 seconds.
  path: Assets/Animation/carrot_walk.fbx
  artifactKey: Guid(f2cfa6f20e3f1d8499f362d7ea502635) Importer(815301076,1909f56bfc062723c751e8b465ee728b)
Start importing Assets/Animation/carrot_walk.fbx using Guid(f2cfa6f20e3f1d8499f362d7ea502635) Importer(815301076,1909f56bfc062723c751e8b465ee728b)  -> (artifact id: 'ca0d32cc5400912fd7a8e6ff11fe3c25') in 0.352531 seconds 
========================================================================
Received Import Request.
  Time since last request: 0.000039 seconds.
  path: Assets/Weapons/PeppermintGun_standardSurface1_MaskMap.png
  artifactKey: Guid(64620c8b198dbb04a835401ccce783a0) Importer(815301076,1909f56bfc062723c751e8b465ee728b)
Start importing Assets/Weapons/PeppermintGun_standardSurface1_MaskMap.png using Guid(64620c8b198dbb04a835401ccce783a0) Importer(815301076,1909f56bfc062723c751e8b465ee728b)  -> (artifact id: 'b8af8943e5a284570024d578465fed91') in 0.048059 seconds 
========================================================================
Received Import Request.
  Time since last request: 0.000063 seconds.
  path: Assets/Weapons/standardSurface1_Normal_OpenGL.png
  artifactKey: Guid(dca0b16b09e52d24e8dcaf053645a85a) Importer(815301076,1909f56bfc062723c751e8b465ee728b)
Start importing Assets/Weapons/standardSurface1_Normal_OpenGL.png using Guid(dca0b16b09e52d24e8dcaf053645a85a) Importer(815301076,1909f56bfc062723c751e8b465ee728b)  -> (artifact id: 'ad0904e846d73497373e8dd90adf9981') in 0.017242 seconds 
========================================================================
Received Import Request.
  Time since last request: 0.000027 seconds.
  path: Assets/Weapons/PeppermintGun_standardSurface1_BaseMap.png
  artifactKey: Guid(b91e02d2a5b5e3147bc7076052e6d0ef) Importer(815301076,1909f56bfc062723c751e8b465ee728b)
Start importing Assets/Weapons/PeppermintGun_standardSurface1_BaseMap.png using Guid(b91e02d2a5b5e3147bc7076052e6d0ef) Importer(815301076,1909f56bfc062723c751e8b465ee728b)  -> (artifact id: 'a0e4f4e8cb344770baf2543fc85ef0e8') in 0.019757 seconds 
========================================================================
Received Import Request.
  Time since last request: 0.000021 seconds.
  path: Assets/Weapons/MI_Gun.mat
  artifactKey: Guid(4abe1625b1b20e140b59e039e367a1d4) Importer(815301076,1909f56bfc062723c751e8b465ee728b)
Start importing Assets/Weapons/MI_Gun.mat using Guid(4abe1625b1b20e140b59e039e367a1d4) Importer(815301076,1909f56bfc062723c751e8b465ee728b)  -> (artifact id: 'eba11ed24cb6efb794e279405dea6a3c') in 0.337478 seconds 
========================================================================
Received Import Request.
  Time since last request: 0.000036 seconds.
  path: Assets/Environment/DropCandy4.fbx
  artifactKey: Guid(058652e3389e15f4a9e53e4bfdf5fabe) Importer(815301076,1909f56bfc062723c751e8b465ee728b)
Start importing Assets/Environment/DropCandy4.fbx using Guid(058652e3389e15f4a9e53e4bfdf5fabe) Importer(815301076,1909f56bfc062723c751e8b465ee728b)  -> (artifact id: '07b842f4e8beb324bc3dae550f24163a') in 0.022058 seconds 
========================================================================
Received Import Request.
  Time since last request: 0.000036 seconds.
  path: Assets/Environment/CandyCane2.fbx
  artifactKey: Guid(a3ee03a1beb86b249aa2865ea205f6c7) Importer(815301076,1909f56bfc062723c751e8b465ee728b)
Start importing Assets/Environment/CandyCane2.fbx using Guid(a3ee03a1beb86b249aa2865ea205f6c7) Importer(815301076,1909f56bfc062723c751e8b465ee728b)  -> (artifact id: 'aa42efabf2509355410d94deee84c5de') in 0.025228 seconds 
========================================================================
Received Import Request.
  Time since last request: 0.000034 seconds.
  path: Assets/Characters/Carrot.obj
  artifactKey: Guid(e64f992dde1be9343bb493adeb1d2a7c) Importer(815301076,1909f56bfc062723c751e8b465ee728b)
Start importing Assets/Characters/Carrot.obj using Guid(e64f992dde1be9343bb493adeb1d2a7c) Importer(815301076,1909f56bfc062723c751e8b465ee728b)  -> (artifact id: '04cb3914ec6c4478071fb87dea3851f0') in 0.112277 seconds 
