Using pre-set license
Built from '2021.3/staging' branch; Version is '2021.3.16f1 (4016570cf34f) revision 4200023'; Using compiler version '192829333'; Build Type 'Release'
OS: 'Windows 10  (10.0.19045) 64bit Core' Language: 'en' Physical Memory: 16309 MB
BatchMode: 1, IsHumanControllingUs: 0, StartBugReporterOnCrash: 0, Is64bit: 1, IsPro: 1

COMMAND LINE ARGUMENTS:
C:\Program Files\Unity\Hub\Editor\2021.3.16f1\Editor\Unity.exe
-adb2
-batchMode
-noUpm
-name
AssetImportWorker1
-projectPath
D:/Githubrepos/HomeSweetHomeP3/Assets
-logFile
Logs/AssetImportWorker1.log
-srvPort
64696
Successfully changed project path to: D:/Githubrepos/HomeSweetHomeP3/Assets
D:/Githubrepos/HomeSweetHomeP3/Assets
[UnityMemory] Configuration Parameters - Can be set up in boot.config
    "memorysetup-bucket-allocator-granularity=16"
    "memorysetup-bucket-allocator-bucket-count=8"
    "memorysetup-bucket-allocator-block-size=33554432"
    "memorysetup-bucket-allocator-block-count=8"
    "memorysetup-main-allocator-block-size=16777216"
    "memorysetup-thread-allocator-block-size=16777216"
    "memorysetup-gfx-main-allocator-block-size=16777216"
    "memorysetup-gfx-thread-allocator-block-size=16777216"
    "memorysetup-cache-allocator-block-size=4194304"
    "memorysetup-typetree-allocator-block-size=2097152"
    "memorysetup-profiler-bucket-allocator-granularity=16"
    "memorysetup-profiler-bucket-allocator-bucket-count=8"
    "memorysetup-profiler-bucket-allocator-block-size=33554432"
    "memorysetup-profiler-bucket-allocator-block-count=8"
    "memorysetup-profiler-allocator-block-size=16777216"
    "memorysetup-profiler-editor-allocator-block-size=1048576"
    "memorysetup-temp-allocator-size-main=16777216"
    "memorysetup-job-temp-allocator-block-size=2097152"
    "memorysetup-job-temp-allocator-block-size-background=1048576"
    "memorysetup-job-temp-allocator-reduction-small-platforms=262144"
    "memorysetup-temp-allocator-size-background-worker=32768"
    "memorysetup-temp-allocator-size-job-worker=262144"
    "memorysetup-temp-allocator-size-preload-manager=33554432"
    "memorysetup-temp-allocator-size-nav-mesh-worker=65536"
    "memorysetup-temp-allocator-size-audio-worker=65536"
    "memorysetup-temp-allocator-size-cloud-worker=32768"
    "memorysetup-temp-allocator-size-gi-baking-worker=262144"
    "memorysetup-temp-allocator-size-gfx=262144"
Player connection [26612] Host "[IP] 192.168.1.26 [Port] 0 [Flags] 2 [Guid] 1069678121 [EditorId] 1069678121 [Version] 1048832 [Id] WindowsEditor(7,DESKTOP-7LAE9IP) [Debug] 1 [PackageName] WindowsEditor [ProjectName] Editor" joined multi-casting on [225.0.0.222:54997]...

Player connection [26612] Host "[IP] 192.168.1.26 [Port] 0 [Flags] 2 [Guid] 1069678121 [EditorId] 1069678121 [Version] 1048832 [Id] WindowsEditor(7,DESKTOP-7LAE9IP) [Debug] 1 [PackageName] WindowsEditor [ProjectName] Editor" joined alternative multi-casting on [225.0.0.222:34997]...

Refreshing native plugins compatible for Editor in 77.77 ms, found 3 plugins.
Preloading 0 native plugins for Editor in 0.00 ms.
Initialize engine version: 2021.3.16f1 (4016570cf34f)
[Subsystems] Discovering subsystems at path C:/Program Files/Unity/Hub/Editor/2021.3.16f1/Editor/Data/Resources/UnitySubsystems
[Subsystems] Discovering subsystems at path D:/Githubrepos/HomeSweetHomeP3/Assets/Assets
GfxDevice: creating device client; threaded=0; jobified=0
Direct3D:
    Version:  Direct3D 11.0 [level 11.1]
    Renderer: AMD Radeon RX 6700 XT (ID=0x73df)
    Vendor:   ATI
    VRAM:     12243 MB
    Driver:   31.0.24002.92
Initialize mono
Mono path[0] = 'C:/Program Files/Unity/Hub/Editor/2021.3.16f1/Editor/Data/Managed'
Mono path[1] = 'C:/Program Files/Unity/Hub/Editor/2021.3.16f1/Editor/Data/MonoBleedingEdge/lib/mono/unityjit-win32'
Mono config path = 'C:/Program Files/Unity/Hub/Editor/2021.3.16f1/Editor/Data/MonoBleedingEdge/etc'
Using monoOptions --debugger-agent=transport=dt_socket,embedding=1,server=y,suspend=n,address=127.0.0.1:56844
Begin MonoManager ReloadAssembly
Registering precompiled unity dll's ...
Register platform support module: C:/Program Files/Unity/Hub/Editor/2021.3.16f1/Editor/Data/PlaybackEngines/WebGLSupport/UnityEditor.WebGL.Extensions.dll
Register platform support module: C:/Program Files/Unity/Hub/Editor/2021.3.16f1/Editor/Data/PlaybackEngines/WindowsStandaloneSupport/UnityEditor.WindowsStandalone.Extensions.dll
Registered in 0.039548 seconds.
Native extension for WindowsStandalone target not found
Native extension for WebGL target not found
Refreshing native plugins compatible for Editor in 71.12 ms, found 3 plugins.
Preloading 0 native plugins for Editor in 0.00 ms.
Mono: successfully reloaded assembly
- Completed reload, in  0.916 seconds
Domain Reload Profiling:
	ReloadAssembly (917ms)
		BeginReloadAssembly (170ms)
			ExecutionOrderSort (0ms)
			DisableScriptedObjects (0ms)
			BackupInstance (0ms)
			ReleaseScriptingObjects (0ms)
			CreateAndSetChildDomain (1ms)
		EndReloadAssembly (542ms)
			LoadAssemblies (158ms)
			RebuildTransferFunctionScriptingTraits (0ms)
			SetupTypeCache (129ms)
			ReleaseScriptCaches (0ms)
			RebuildScriptCaches (28ms)
			SetupLoadedEditorAssemblies (303ms)
				LogAssemblyErrors (0ms)
				InitializePlatformSupportModulesInManaged (21ms)
				SetLoadedEditorAssemblies (0ms)
				RefreshPlugins (71ms)
				BeforeProcessingInitializeOnLoad (1ms)
				ProcessInitializeOnLoadAttributes (157ms)
				ProcessInitializeOnLoadMethodAttributes (53ms)
				AfterProcessingInitializeOnLoad (0ms)
				EditorAssembliesLoaded (0ms)
			ExecutionOrderSort2 (0ms)
			AwakeInstancesAfterBackupRestoration (0ms)
Platform modules already initialized, skipping
Registering precompiled user dll's ...
Registered in 0.015691 seconds.
Begin MonoManager ReloadAssembly
Native extension for WindowsStandalone target not found
Native extension for WebGL target not found
Refreshing native plugins compatible for Editor in 0.64 ms, found 3 plugins.
Preloading 0 native plugins for Editor in 0.00 ms.
Mono: successfully reloaded assembly
- Completed reload, in  1.349 seconds
Domain Reload Profiling:
	ReloadAssembly (1350ms)
		BeginReloadAssembly (190ms)
			ExecutionOrderSort (0ms)
			DisableScriptedObjects (6ms)
			BackupInstance (0ms)
			ReleaseScriptingObjects (0ms)
			CreateAndSetChildDomain (23ms)
		EndReloadAssembly (965ms)
			LoadAssemblies (157ms)
			RebuildTransferFunctionScriptingTraits (0ms)
			SetupTypeCache (269ms)
			ReleaseScriptCaches (1ms)
			RebuildScriptCaches (56ms)
			SetupLoadedEditorAssemblies (474ms)
				LogAssemblyErrors (0ms)
				InitializePlatformSupportModulesInManaged (17ms)
				SetLoadedEditorAssemblies (0ms)
				RefreshPlugins (1ms)
				BeforeProcessingInitializeOnLoad (124ms)
				ProcessInitializeOnLoadAttributes (260ms)
				ProcessInitializeOnLoadMethodAttributes (29ms)
				AfterProcessingInitializeOnLoad (42ms)
				EditorAssembliesLoaded (0ms)
			ExecutionOrderSort2 (0ms)
			AwakeInstancesAfterBackupRestoration (7ms)
Platform modules already initialized, skipping
========================================================================
Worker process is ready to serve import requests
Launched and connected shader compiler UnityShaderCompiler.exe after 0.08 seconds
Refreshing native plugins compatible for Editor in 0.67 ms, found 3 plugins.
Preloading 0 native plugins for Editor in 0.00 ms.
Unloading 3230 Unused Serialized files (Serialized files now loaded: 0)
Unloading 24 unused Assets / (56.1 KB). Loaded Objects now: 3690.
Memory consumption went from 110.8 MB to 110.8 MB.
Total: 4.378000 ms (FindLiveObjects: 0.333300 ms CreateObjectMapping: 0.260400 ms MarkObjects: 3.687500 ms  DeleteObjects: 0.096000 ms)

AssetImportParameters requested are different than current active one (requested -> active):
  custom:video-decoder-ogg-theora: a1e56fd34408186e4bbccfd4996cb3dc -> 
  custom:container-muxer-webm: aa71ff27fc2769a1b78a27578f13a17b -> 
  custom:container-demuxer-webm: 4f35f7cbe854078d1ac9338744f61a02 -> 
  custom:video-encoder-webm-vp8: eb34c28f22e8b96e1ab97ce403110664 -> 
  custom:audio-encoder-webm-vorbis: bf7c407c2cedff20999df2af8eb42d56 -> 
  custom:framework-win-MediaFoundation: 216162199b28c13a410421893ffa2e32 -> 
  custom:container-demuxer-ogg: 62fdf1f143b41e24485cea50d1cbac27 -> 
  custom:video-decoder-webm-vp8: 9c59270c3fd7afecdb556c50c9e8de78 -> 
  custom:audio-decoder-ogg-vorbis: bf7c407c2cedff20999df2af8eb42d56 -> 
========================================================================
Received Import Request.
  Time since last request: 689788.237297 seconds.
  path: Assets/Animation/carrot_attack.fbx
  artifactKey: Guid(d5bc7de050ef4b74b947faf26bd9a3d0) Importer(815301076,1909f56bfc062723c751e8b465ee728b)
Start importing Assets/Animation/carrot_attack.fbx using Guid(d5bc7de050ef4b74b947faf26bd9a3d0) Importer(815301076,1909f56bfc062723c751e8b465ee728b)  -> (artifact id: '2b67f907703224eafcfb172eb06c37b2') in 0.814201 seconds 
========================================================================
Received Import Request.
  Time since last request: 0.000029 seconds.
  path: Assets/Animation/CarrotBroc
  artifactKey: Guid(219fae63338fb1f46add34a93eda3e03) Importer(815301076,1909f56bfc062723c751e8b465ee728b)
Start importing Assets/Animation/CarrotBroc using Guid(219fae63338fb1f46add34a93eda3e03) Importer(815301076,1909f56bfc062723c751e8b465ee728b)  -> (artifact id: '91398f3f3d31d051ceaa02eef3284eb5') in 0.010867 seconds 
========================================================================
Received Import Request.
  Time since last request: 0.000040 seconds.
  path: Assets/Environment/SignToCandyCastle.fbx
  artifactKey: Guid(77f1da0604d73d44e8f68c9215d09781) Importer(815301076,1909f56bfc062723c751e8b465ee728b)
Start importing Assets/Environment/SignToCandyCastle.fbx using Guid(77f1da0604d73d44e8f68c9215d09781) Importer(815301076,1909f56bfc062723c751e8b465ee728b)  -> (artifact id: 'f343d67056300710941d8a69661e9c6a') in 0.020542 seconds 
========================================================================
Received Import Request.
  Time since last request: 0.000021 seconds.
  path: Assets/Environment/LollipopTree2.fbx
  artifactKey: Guid(79356367954913a46bb2e42d82423b84) Importer(815301076,1909f56bfc062723c751e8b465ee728b)
Start importing Assets/Environment/LollipopTree2.fbx using Guid(79356367954913a46bb2e42d82423b84) Importer(815301076,1909f56bfc062723c751e8b465ee728b)  -> (artifact id: '9e5213c88f1e5a1a935b9e85f1bf032b') in 0.019307 seconds 
========================================================================
Received Import Request.
  Time since last request: 0.000023 seconds.
  path: Assets/Environment/SignToLollipopForest.fbx
  artifactKey: Guid(d883fd7a186492843968e86d4a763c60) Importer(815301076,1909f56bfc062723c751e8b465ee728b)
Start importing Assets/Environment/SignToLollipopForest.fbx using Guid(d883fd7a186492843968e86d4a763c60) Importer(815301076,1909f56bfc062723c751e8b465ee728b)  -> (artifact id: 'f84ced12b98328400a1338ee14d205ff') in 0.019525 seconds 
========================================================================
Received Import Request.
  Time since last request: 0.000033 seconds.
  path: Assets/Environment/GingerbreadBarrack.fbx
  artifactKey: Guid(dbb385b7f94e6f549a2e3a882eea5bc8) Importer(815301076,1909f56bfc062723c751e8b465ee728b)
Start importing Assets/Environment/GingerbreadBarrack.fbx using Guid(dbb385b7f94e6f549a2e3a882eea5bc8) Importer(815301076,1909f56bfc062723c751e8b465ee728b)  -> (artifact id: '597bcb774c06ac240842382acd41d8e2') in 0.021081 seconds 
========================================================================
Received Import Request.
  Time since last request: 0.000025 seconds.
  path: Assets/Environment/Waterfall.fbx
  artifactKey: Guid(9133d9cd60969084eb52e88f49219a09) Importer(815301076,1909f56bfc062723c751e8b465ee728b)
Start importing Assets/Environment/Waterfall.fbx using Guid(9133d9cd60969084eb52e88f49219a09) Importer(815301076,1909f56bfc062723c751e8b465ee728b)  -> (artifact id: '1abfe42ae204d5464a8c6592e7bfc548') in 0.018840 seconds 
========================================================================
Received Import Request.
  Time since last request: 0.000025 seconds.
  path: Assets/Environment/Canyon1.fbx
  artifactKey: Guid(25eb0eca2dc78c14095acae4369c92e4) Importer(815301076,1909f56bfc062723c751e8b465ee728b)
Start importing Assets/Environment/Canyon1.fbx using Guid(25eb0eca2dc78c14095acae4369c92e4) Importer(815301076,1909f56bfc062723c751e8b465ee728b)  -> (artifact id: 'a3a146d906751632e6936d939f5be5af') in 0.021390 seconds 
========================================================================
Received Import Request.
  Time since last request: 0.000019 seconds.
  path: Assets/Environment/Canyon3.fbx
  artifactKey: Guid(63b88edf5f74f4142b0044e8b30b7e21) Importer(815301076,1909f56bfc062723c751e8b465ee728b)
Start importing Assets/Environment/Canyon3.fbx using Guid(63b88edf5f74f4142b0044e8b30b7e21) Importer(815301076,1909f56bfc062723c751e8b465ee728b)  -> (artifact id: 'b941bc760a11ec50505f6db50ba5c0c5') in 0.019565 seconds 
========================================================================
Received Import Request.
  Time since last request: 0.000023 seconds.
  path: Assets/Environment/CastlePillar1.fbx
  artifactKey: Guid(942d9e3ca439304458018ee73186197e) Importer(815301076,1909f56bfc062723c751e8b465ee728b)
Start importing Assets/Environment/CastlePillar1.fbx using Guid(942d9e3ca439304458018ee73186197e) Importer(815301076,1909f56bfc062723c751e8b465ee728b)  -> (artifact id: 'aa1f1fc4ee273d8a18a2935406a5c718') in 0.019406 seconds 
========================================================================
Received Import Request.
  Time since last request: 0.000026 seconds.
  path: Assets/Environment/LollipopTree3.fbx
  artifactKey: Guid(6ad03500e72765a438fac67bccae7255) Importer(815301076,1909f56bfc062723c751e8b465ee728b)
Start importing Assets/Environment/LollipopTree3.fbx using Guid(6ad03500e72765a438fac67bccae7255) Importer(815301076,1909f56bfc062723c751e8b465ee728b)  -> (artifact id: '05692c0de1fb319dcd1ed0db9527a250') in 0.018789 seconds 
========================================================================
Received Import Request.
  Time since last request: 0.000041 seconds.
  path: Assets/Environment/ChocolateCoin.fbx
  artifactKey: Guid(2b577d5c1eb8d8d4d93f9d2356e8d808) Importer(815301076,1909f56bfc062723c751e8b465ee728b)
Start importing Assets/Environment/ChocolateCoin.fbx using Guid(2b577d5c1eb8d8d4d93f9d2356e8d808) Importer(815301076,1909f56bfc062723c751e8b465ee728b)  -> (artifact id: 'f29765658426064c4e9bc65583d3da8f') in 0.031915 seconds 
========================================================================
Received Import Request.
  Time since last request: 0.000026 seconds.
  path: Assets/Environment/WrappedCandy1.fbx
  artifactKey: Guid(a881a0d79376f784591a614606dc4abd) Importer(815301076,1909f56bfc062723c751e8b465ee728b)
Start importing Assets/Environment/WrappedCandy1.fbx using Guid(a881a0d79376f784591a614606dc4abd) Importer(815301076,1909f56bfc062723c751e8b465ee728b)  -> (artifact id: '2e6063125fd8d73fb05cc3d4539bbe0c') in 0.020926 seconds 
========================================================================
Received Import Request.
  Time since last request: 0.000023 seconds.
  path: Assets/Environment/CarrotSpaceship.fbx
  artifactKey: Guid(5d4073fc56e815944bb8603c6b73e1c1) Importer(815301076,1909f56bfc062723c751e8b465ee728b)
Start importing Assets/Environment/CarrotSpaceship.fbx using Guid(5d4073fc56e815944bb8603c6b73e1c1) Importer(815301076,1909f56bfc062723c751e8b465ee728b)  -> (artifact id: 'e3f4c149a70378eb52eb3e78988022b4') in 0.020707 seconds 
========================================================================
Received Import Request.
  Time since last request: 0.000023 seconds.
  path: Assets/Weapons/CandyCaneMelee.fbx
  artifactKey: Guid(a587c1214c6465f4d8d12378f288226d) Importer(815301076,1909f56bfc062723c751e8b465ee728b)
Start importing Assets/Weapons/CandyCaneMelee.fbx using Guid(a587c1214c6465f4d8d12378f288226d) Importer(815301076,1909f56bfc062723c751e8b465ee728b)  -> (artifact id: 'e126d7c1e120812ba71b0719a25e42f0') in 0.020479 seconds 
========================================================================
Received Import Request.
  Time since last request: 0.000025 seconds.
  path: Assets/Weapons/standardSurface1_Base_color.png
  artifactKey: Guid(5b7b00b52a1fb3e40bd6ffca82973dc9) Importer(815301076,1909f56bfc062723c751e8b465ee728b)
Start importing Assets/Weapons/standardSurface1_Base_color.png using Guid(5b7b00b52a1fb3e40bd6ffca82973dc9) Importer(815301076,1909f56bfc062723c751e8b465ee728b)  -> (artifact id: 'c9e16123356b92113c0526410ac1cdec') in 0.043800 seconds 
========================================================================
Received Import Request.
  Time since last request: 0.000019 seconds.
  path: Assets/Weapons/Twizz.fbx
  artifactKey: Guid(a2be59777c41fd44ab2820cf77749384) Importer(815301076,1909f56bfc062723c751e8b465ee728b)
Start importing Assets/Weapons/Twizz.fbx using Guid(a2be59777c41fd44ab2820cf77749384) Importer(815301076,1909f56bfc062723c751e8b465ee728b)  -> (artifact id: '3cdc5e62a3d44549f03df9cd76de736f') in 0.409110 seconds 
========================================================================
Received Import Request.
  Time since last request: 0.000023 seconds.
  path: Assets/Animation/carrot_rig.obj
  artifactKey: Guid(aa145b67814a1b444a1976071eb17b3f) Importer(815301076,1909f56bfc062723c751e8b465ee728b)
Start importing Assets/Animation/carrot_rig.obj using Guid(aa145b67814a1b444a1976071eb17b3f) Importer(815301076,1909f56bfc062723c751e8b465ee728b)  -> (artifact id: 'a9c7afeb5fbd820fd64367b5d82ca4cc') in 0.030609 seconds 
========================================================================
Received Import Request.
  Time since last request: 0.000033 seconds.
  path: Assets/Environment/Canyon2.fbx
  artifactKey: Guid(4d5367714c1de8e44b36b263218424c8) Importer(815301076,1909f56bfc062723c751e8b465ee728b)
Start importing Assets/Environment/Canyon2.fbx using Guid(4d5367714c1de8e44b36b263218424c8) Importer(815301076,1909f56bfc062723c751e8b465ee728b)  -> (artifact id: 'b54059693c028f22acac4ff8a742dc35') in 0.024496 seconds 
========================================================================
Received Import Request.
  Time since last request: 0.000032 seconds.
  path: Assets/Environment/DropCandy3.fbx
  artifactKey: Guid(d988cbe8012328b4191ad6721f99fa23) Importer(815301076,1909f56bfc062723c751e8b465ee728b)
Start importing Assets/Environment/DropCandy3.fbx using Guid(d988cbe8012328b4191ad6721f99fa23) Importer(815301076,1909f56bfc062723c751e8b465ee728b)  -> (artifact id: 'b513fc6d9e40800afe11023393eefd40') in 0.019653 seconds 
========================================================================
Received Import Request.
  Time since last request: 0.000028 seconds.
  path: Assets/Environment/SignToTraining.fbx
  artifactKey: Guid(12f5ff38b34aae44f86665c048052c36) Importer(815301076,1909f56bfc062723c751e8b465ee728b)
Start importing Assets/Environment/SignToTraining.fbx using Guid(12f5ff38b34aae44f86665c048052c36) Importer(815301076,1909f56bfc062723c751e8b465ee728b)  -> (artifact id: '8df5dc54b8fe70554b9be28d1795bb18') in 0.019590 seconds 
========================================================================
Received Import Request.
  Time since last request: 0.000018 seconds.
  path: Assets/Environment/SignToCavityCanyon.fbx
  artifactKey: Guid(7167b14c827e86b4ab63b58d7578eea9) Importer(815301076,1909f56bfc062723c751e8b465ee728b)
Start importing Assets/Environment/SignToCavityCanyon.fbx using Guid(7167b14c827e86b4ab63b58d7578eea9) Importer(815301076,1909f56bfc062723c751e8b465ee728b)  -> (artifact id: '2887bcb0494973182806adc30e5e2c98') in 0.018680 seconds 
