Using pre-set license
Built from '2021.3/staging' branch; Version is '2021.3.16f1 (4016570cf34f) revision 4200023'; Using compiler version '192829333'; Build Type 'Release'
OS: 'Windows 10  (10.0.19045) 64bit Core' Language: 'en' Physical Memory: 16309 MB
BatchMode: 1, IsHumanControllingUs: 0, StartBugReporterOnCrash: 0, Is64bit: 1, IsPro: 1

COMMAND LINE ARGUMENTS:
C:\Program Files\Unity\Hub\Editor\2021.3.16f1\Editor\Unity.exe
-adb2
-batchMode
-noUpm
-name
AssetImportWorker3
-projectPath
D:/Githubrepos/HomeSweetHomeP3/Assets
-logFile
Logs/AssetImportWorker3.log
-srvPort
64696
Successfully changed project path to: D:/Githubrepos/HomeSweetHomeP3/Assets
D:/Githubrepos/HomeSweetHomeP3/Assets
[UnityMemory] Configuration Parameters - Can be set up in boot.config
    "memorysetup-bucket-allocator-granularity=16"
    "memorysetup-bucket-allocator-bucket-count=8"
    "memorysetup-bucket-allocator-block-size=33554432"
    "memorysetup-bucket-allocator-block-count=8"
    "memorysetup-main-allocator-block-size=16777216"
    "memorysetup-thread-allocator-block-size=16777216"
    "memorysetup-gfx-main-allocator-block-size=16777216"
    "memorysetup-gfx-thread-allocator-block-size=16777216"
    "memorysetup-cache-allocator-block-size=4194304"
    "memorysetup-typetree-allocator-block-size=2097152"
    "memorysetup-profiler-bucket-allocator-granularity=16"
    "memorysetup-profiler-bucket-allocator-bucket-count=8"
    "memorysetup-profiler-bucket-allocator-block-size=33554432"
    "memorysetup-profiler-bucket-allocator-block-count=8"
    "memorysetup-profiler-allocator-block-size=16777216"
    "memorysetup-profiler-editor-allocator-block-size=1048576"
    "memorysetup-temp-allocator-size-main=16777216"
    "memorysetup-job-temp-allocator-block-size=2097152"
    "memorysetup-job-temp-allocator-block-size-background=1048576"
    "memorysetup-job-temp-allocator-reduction-small-platforms=262144"
    "memorysetup-temp-allocator-size-background-worker=32768"
    "memorysetup-temp-allocator-size-job-worker=262144"
    "memorysetup-temp-allocator-size-preload-manager=33554432"
    "memorysetup-temp-allocator-size-nav-mesh-worker=65536"
    "memorysetup-temp-allocator-size-audio-worker=65536"
    "memorysetup-temp-allocator-size-cloud-worker=32768"
    "memorysetup-temp-allocator-size-gi-baking-worker=262144"
    "memorysetup-temp-allocator-size-gfx=262144"
Player connection [20984] Host "[IP] 192.168.1.26 [Port] 0 [Flags] 2 [Guid] 1686215596 [EditorId] 1686215596 [Version] 1048832 [Id] WindowsEditor(7,DESKTOP-7LAE9IP) [Debug] 1 [PackageName] WindowsEditor [ProjectName] Editor" joined multi-casting on [225.0.0.222:54997]...

Player connection [20984] Host "[IP] 192.168.1.26 [Port] 0 [Flags] 2 [Guid] 1686215596 [EditorId] 1686215596 [Version] 1048832 [Id] WindowsEditor(7,DESKTOP-7LAE9IP) [Debug] 1 [PackageName] WindowsEditor [ProjectName] Editor" joined alternative multi-casting on [225.0.0.222:34997]...

Refreshing native plugins compatible for Editor in 96.46 ms, found 3 plugins.
Preloading 0 native plugins for Editor in 0.00 ms.
Initialize engine version: 2021.3.16f1 (4016570cf34f)
[Subsystems] Discovering subsystems at path C:/Program Files/Unity/Hub/Editor/2021.3.16f1/Editor/Data/Resources/UnitySubsystems
[Subsystems] Discovering subsystems at path D:/Githubrepos/HomeSweetHomeP3/Assets/Assets
GfxDevice: creating device client; threaded=0; jobified=0
Direct3D:
    Version:  Direct3D 11.0 [level 11.1]
    Renderer: AMD Radeon RX 6700 XT (ID=0x73df)
    Vendor:   ATI
    VRAM:     12243 MB
    Driver:   31.0.24002.92
Initialize mono
Mono path[0] = 'C:/Program Files/Unity/Hub/Editor/2021.3.16f1/Editor/Data/Managed'
Mono path[1] = 'C:/Program Files/Unity/Hub/Editor/2021.3.16f1/Editor/Data/MonoBleedingEdge/lib/mono/unityjit-win32'
Mono config path = 'C:/Program Files/Unity/Hub/Editor/2021.3.16f1/Editor/Data/MonoBleedingEdge/etc'
Using monoOptions --debugger-agent=transport=dt_socket,embedding=1,server=y,suspend=n,address=127.0.0.1:56776
Begin MonoManager ReloadAssembly
Registering precompiled unity dll's ...
Register platform support module: C:/Program Files/Unity/Hub/Editor/2021.3.16f1/Editor/Data/PlaybackEngines/WebGLSupport/UnityEditor.WebGL.Extensions.dll
Register platform support module: C:/Program Files/Unity/Hub/Editor/2021.3.16f1/Editor/Data/PlaybackEngines/WindowsStandaloneSupport/UnityEditor.WindowsStandalone.Extensions.dll
Registered in 0.036907 seconds.
Native extension for WindowsStandalone target not found
Native extension for WebGL target not found
Refreshing native plugins compatible for Editor in 74.23 ms, found 3 plugins.
Preloading 0 native plugins for Editor in 0.00 ms.
Mono: successfully reloaded assembly
- Completed reload, in  0.909 seconds
Domain Reload Profiling:
	ReloadAssembly (910ms)
		BeginReloadAssembly (152ms)
			ExecutionOrderSort (0ms)
			DisableScriptedObjects (0ms)
			BackupInstance (0ms)
			ReleaseScriptingObjects (0ms)
			CreateAndSetChildDomain (1ms)
		EndReloadAssembly (543ms)
			LoadAssemblies (142ms)
			RebuildTransferFunctionScriptingTraits (0ms)
			SetupTypeCache (116ms)
			ReleaseScriptCaches (0ms)
			RebuildScriptCaches (27ms)
			SetupLoadedEditorAssemblies (321ms)
				LogAssemblyErrors (0ms)
				InitializePlatformSupportModulesInManaged (19ms)
				SetLoadedEditorAssemblies (0ms)
				RefreshPlugins (74ms)
				BeforeProcessingInitializeOnLoad (1ms)
				ProcessInitializeOnLoadAttributes (164ms)
				ProcessInitializeOnLoadMethodAttributes (62ms)
				AfterProcessingInitializeOnLoad (0ms)
				EditorAssembliesLoaded (0ms)
			ExecutionOrderSort2 (0ms)
			AwakeInstancesAfterBackupRestoration (0ms)
Platform modules already initialized, skipping
Registering precompiled user dll's ...
Registered in 0.012282 seconds.
Begin MonoManager ReloadAssembly
Native extension for WindowsStandalone target not found
Native extension for WebGL target not found
Refreshing native plugins compatible for Editor in 0.64 ms, found 3 plugins.
Preloading 0 native plugins for Editor in 0.00 ms.
Mono: successfully reloaded assembly
- Completed reload, in  1.337 seconds
Domain Reload Profiling:
	ReloadAssembly (1338ms)
		BeginReloadAssembly (200ms)
			ExecutionOrderSort (0ms)
			DisableScriptedObjects (6ms)
			BackupInstance (0ms)
			ReleaseScriptingObjects (0ms)
			CreateAndSetChildDomain (23ms)
		EndReloadAssembly (948ms)
			LoadAssemblies (168ms)
			RebuildTransferFunctionScriptingTraits (0ms)
			SetupTypeCache (263ms)
			ReleaseScriptCaches (1ms)
			RebuildScriptCaches (53ms)
			SetupLoadedEditorAssemblies (466ms)
				LogAssemblyErrors (0ms)
				InitializePlatformSupportModulesInManaged (17ms)
				SetLoadedEditorAssemblies (1ms)
				RefreshPlugins (1ms)
				BeforeProcessingInitializeOnLoad (123ms)
				ProcessInitializeOnLoadAttributes (257ms)
				ProcessInitializeOnLoadMethodAttributes (27ms)
				AfterProcessingInitializeOnLoad (41ms)
				EditorAssembliesLoaded (0ms)
			ExecutionOrderSort2 (0ms)
			AwakeInstancesAfterBackupRestoration (6ms)
Platform modules already initialized, skipping
========================================================================
Worker process is ready to serve import requests
Launched and connected shader compiler UnityShaderCompiler.exe after 0.08 seconds
Refreshing native plugins compatible for Editor in 1.10 ms, found 3 plugins.
Preloading 0 native plugins for Editor in 0.00 ms.
Unloading 3230 Unused Serialized files (Serialized files now loaded: 0)
Unloading 24 unused Assets / (56.1 KB). Loaded Objects now: 3690.
Memory consumption went from 110.8 MB to 110.8 MB.
Total: 4.178700 ms (FindLiveObjects: 0.425600 ms CreateObjectMapping: 0.391700 ms MarkObjects: 3.278800 ms  DeleteObjects: 0.081400 ms)

AssetImportParameters requested are different than current active one (requested -> active):
  custom:video-decoder-ogg-theora: a1e56fd34408186e4bbccfd4996cb3dc -> 
  custom:container-muxer-webm: aa71ff27fc2769a1b78a27578f13a17b -> 
  custom:container-demuxer-webm: 4f35f7cbe854078d1ac9338744f61a02 -> 
  custom:video-encoder-webm-vp8: eb34c28f22e8b96e1ab97ce403110664 -> 
  custom:audio-encoder-webm-vorbis: bf7c407c2cedff20999df2af8eb42d56 -> 
  custom:framework-win-MediaFoundation: 216162199b28c13a410421893ffa2e32 -> 
  custom:container-demuxer-ogg: 62fdf1f143b41e24485cea50d1cbac27 -> 
  custom:video-decoder-webm-vp8: 9c59270c3fd7afecdb556c50c9e8de78 -> 
  custom:audio-decoder-ogg-vorbis: bf7c407c2cedff20999df2af8eb42d56 -> 
========================================================================
Received Import Request.
  Time since last request: 689788.382212 seconds.
  path: Assets/Animation/pep_walk_updated.fbx
  artifactKey: Guid(4da78eeaa528923439b881deab15f58b) Importer(815301076,1909f56bfc062723c751e8b465ee728b)
Start importing Assets/Animation/pep_walk_updated.fbx using Guid(4da78eeaa528923439b881deab15f58b) Importer(815301076,1909f56bfc062723c751e8b465ee728b)  -> (artifact id: '03de19ef9b27757af89d436b31346bfb') in 0.571720 seconds 
========================================================================
Received Import Request.
  Time since last request: 0.000030 seconds.
  path: Assets/Animation/carrot_rig.fbx
  artifactKey: Guid(8f18e7d61ad667a49a902010dd9b8782) Importer(815301076,1909f56bfc062723c751e8b465ee728b)
Start importing Assets/Animation/carrot_rig.fbx using Guid(8f18e7d61ad667a49a902010dd9b8782) Importer(815301076,1909f56bfc062723c751e8b465ee728b)  -> (artifact id: 'ec885a688a2b9cc8d0238d690ccbad8e') in 0.037194 seconds 
========================================================================
Received Import Request.
  Time since last request: 0.000034 seconds.
  path: Assets/Characters/SweetManFIXED.fbx
  artifactKey: Guid(219d41f30e0c2ae4186341cbea3e296a) Importer(815301076,1909f56bfc062723c751e8b465ee728b)
Start importing Assets/Characters/SweetManFIXED.fbx using Guid(219d41f30e0c2ae4186341cbea3e296a) Importer(815301076,1909f56bfc062723c751e8b465ee728b)  -> (artifact id: '60deb19fa35238361e4309f49ffbab8e') in 0.090757 seconds 
========================================================================
Received Import Request.
  Time since last request: 0.000025 seconds.
  path: Assets/Environment/FencePost1.fbx
  artifactKey: Guid(671bb8e1d73fc454285d85b236c14d95) Importer(815301076,1909f56bfc062723c751e8b465ee728b)
Start importing Assets/Environment/FencePost1.fbx using Guid(671bb8e1d73fc454285d85b236c14d95) Importer(815301076,1909f56bfc062723c751e8b465ee728b)  -> (artifact id: '7ca280265ccf9cae88106cf62c9b242b') in 0.018612 seconds 
========================================================================
Received Import Request.
  Time since last request: 0.000019 seconds.
  path: Assets/Characters/Scale_Reference.obj
  artifactKey: Guid(6f176a01baadb1745a05ce7894f4e141) Importer(815301076,1909f56bfc062723c751e8b465ee728b)
Start importing Assets/Characters/Scale_Reference.obj using Guid(6f176a01baadb1745a05ce7894f4e141) Importer(815301076,1909f56bfc062723c751e8b465ee728b)  -> (artifact id: 'a667a732a2f883b4b84d3fcc97f2c680') in 0.037250 seconds 
========================================================================
Received Import Request.
  Time since last request: 0.000027 seconds.
  path: Assets/Animation/broc_attack.fbx
  artifactKey: Guid(92e6836a179e8184688a6bf32aa2808b) Importer(815301076,1909f56bfc062723c751e8b465ee728b)
Start importing Assets/Animation/broc_attack.fbx using Guid(92e6836a179e8184688a6bf32aa2808b) Importer(815301076,1909f56bfc062723c751e8b465ee728b)  -> (artifact id: '7b8ef9e23f0a13fbde40d7e5e86bc255') in 0.038302 seconds 
========================================================================
Received Import Request.
  Time since last request: 0.000025 seconds.
  path: Assets/Animation/pep_walk (1).fbx
  artifactKey: Guid(8d717a6ed0ba0ec4498335ad4e8be03e) Importer(815301076,1909f56bfc062723c751e8b465ee728b)
Start importing Assets/Animation/pep_walk (1).fbx using Guid(8d717a6ed0ba0ec4498335ad4e8be03e) Importer(815301076,1909f56bfc062723c751e8b465ee728b)  -> (artifact id: '46310c400e174a2f85e3c0c32b8276ca') in 0.036826 seconds 
========================================================================
Received Import Request.
  Time since last request: 0.000033 seconds.
  path: Assets/Animation/pep_reload.fbx
  artifactKey: Guid(44d46580d82049a46bb2273f3aab9840) Importer(815301076,1909f56bfc062723c751e8b465ee728b)
Start importing Assets/Animation/pep_reload.fbx using Guid(44d46580d82049a46bb2273f3aab9840) Importer(815301076,1909f56bfc062723c751e8b465ee728b)  -> (artifact id: 'f7f237f306f9de75a5c15365372d05b8') in 0.086823 seconds 
========================================================================
Received Import Request.
  Time since last request: 0.000024 seconds.
  path: Assets/Environment/SignToBattlefield.fbx
  artifactKey: Guid(4f3c0c683db8b1e4b973faa7fede8a52) Importer(815301076,1909f56bfc062723c751e8b465ee728b)
Start importing Assets/Environment/SignToBattlefield.fbx using Guid(4f3c0c683db8b1e4b973faa7fede8a52) Importer(815301076,1909f56bfc062723c751e8b465ee728b)  -> (artifact id: 'b6dea49ad53b187a43819ea86df0cb60') in 0.017979 seconds 
========================================================================
Received Import Request.
  Time since last request: 0.000026 seconds.
  path: Assets/Environment/DropCandy2.fbx
  artifactKey: Guid(61b07b6cf0d38e14e92f77a350cec011) Importer(815301076,1909f56bfc062723c751e8b465ee728b)
Start importing Assets/Environment/DropCandy2.fbx using Guid(61b07b6cf0d38e14e92f77a350cec011) Importer(815301076,1909f56bfc062723c751e8b465ee728b)  -> (artifact id: '9d40b30a7cfd75a35817e022535b7227') in 0.019686 seconds 
========================================================================
Received Import Request.
  Time since last request: 0.000022 seconds.
  path: Assets/Weapons/standardSurface1_Metallic.png
  artifactKey: Guid(1b395d66a1cd8d84c94a99e9d4fcbbac) Importer(815301076,1909f56bfc062723c751e8b465ee728b)
Start importing Assets/Weapons/standardSurface1_Metallic.png using Guid(1b395d66a1cd8d84c94a99e9d4fcbbac) Importer(815301076,1909f56bfc062723c751e8b465ee728b)  -> (artifact id: '3631669d19d3a6046d210f55f52c7d0f') in 0.046632 seconds 
========================================================================
Received Import Request.
  Time since last request: 0.000025 seconds.
  path: Assets/Weapons/standardSurface1_Roughness.png
  artifactKey: Guid(28c869d29da2bea49b3abf72b112f232) Importer(815301076,1909f56bfc062723c751e8b465ee728b)
Start importing Assets/Weapons/standardSurface1_Roughness.png using Guid(28c869d29da2bea49b3abf72b112f232) Importer(815301076,1909f56bfc062723c751e8b465ee728b)  -> (artifact id: '6096f8822abfc97911f348c6b628f46c') in 0.015969 seconds 
========================================================================
Received Import Request.
  Time since last request: 0.000025 seconds.
  path: Assets/Weapons/standardSurface1_Normal.png
  artifactKey: Guid(98edbf97b77572649a0db551ded81105) Importer(815301076,1909f56bfc062723c751e8b465ee728b)
Start importing Assets/Weapons/standardSurface1_Normal.png using Guid(98edbf97b77572649a0db551ded81105) Importer(815301076,1909f56bfc062723c751e8b465ee728b)  -> (artifact id: 'de4a23ab423d43496a5ec229ac46a045') in 0.035243 seconds 
========================================================================
Received Import Request.
  Time since last request: 0.000038 seconds.
  path: Assets/Weapons/standardSurface1_Height.png
  artifactKey: Guid(88c191a9e80d57f489f42dc8715f4fe3) Importer(815301076,1909f56bfc062723c751e8b465ee728b)
Start importing Assets/Weapons/standardSurface1_Height.png using Guid(88c191a9e80d57f489f42dc8715f4fe3) Importer(815301076,1909f56bfc062723c751e8b465ee728b)  -> (artifact id: '2347952c008637dfd90a3fe77a799c7c') in 0.017955 seconds 
========================================================================
Received Import Request.
  Time since last request: 0.000029 seconds.
  path: Assets/Weapons/PeppermintGun_standardSurface1_Normal.png
  artifactKey: Guid(9d2c55e135c65ff4aa585ee3578c62e8) Importer(815301076,1909f56bfc062723c751e8b465ee728b)
Start importing Assets/Weapons/PeppermintGun_standardSurface1_Normal.png using Guid(9d2c55e135c65ff4aa585ee3578c62e8) Importer(815301076,1909f56bfc062723c751e8b465ee728b)  -> (artifact id: '30b68190c4517908edfc6bd1b1ce7512') in 0.018608 seconds 
========================================================================
Received Import Request.
  Time since last request: 0.000022 seconds.
  path: Assets/Characters/car_rot_fbx.fbx
  artifactKey: Guid(bb2ba14db22bdf846b8e5cca51d16068) Importer(815301076,1909f56bfc062723c751e8b465ee728b)
Start importing Assets/Characters/car_rot_fbx.fbx using Guid(bb2ba14db22bdf846b8e5cca51d16068) Importer(815301076,1909f56bfc062723c751e8b465ee728b)  -> (artifact id: '81b0782e78095ce94a88c509a3201d73') in 0.131124 seconds 
========================================================================
Received Import Request.
  Time since last request: 0.000025 seconds.
  path: Assets/Environment/CandyCane1.fbx
  artifactKey: Guid(3a9f500e1c4d3104dab7ceadb8d78b54) Importer(815301076,1909f56bfc062723c751e8b465ee728b)
Start importing Assets/Environment/CandyCane1.fbx using Guid(3a9f500e1c4d3104dab7ceadb8d78b54) Importer(815301076,1909f56bfc062723c751e8b465ee728b)  -> (artifact id: '7d3f6a76eb83a13429f2bca4c7fa3b26') in 0.026461 seconds 
========================================================================
Received Import Request.
  Time since last request: 0.000035 seconds.
  path: Assets/Environment/Tower1.fbx
  artifactKey: Guid(c3359f78d0f415a4281cd5ae6bc254fc) Importer(815301076,1909f56bfc062723c751e8b465ee728b)
Start importing Assets/Environment/Tower1.fbx using Guid(c3359f78d0f415a4281cd5ae6bc254fc) Importer(815301076,1909f56bfc062723c751e8b465ee728b)  -> (artifact id: '7c526e115f2c345caaa7c613c7cc083a') in 0.028721 seconds 
========================================================================
Received Import Request.
  Time since last request: 0.000044 seconds.
  path: Assets/Environment/Wall2.fbx
  artifactKey: Guid(d364744c109ba0e4b970923ae3083753) Importer(815301076,1909f56bfc062723c751e8b465ee728b)
Start importing Assets/Environment/Wall2.fbx using Guid(d364744c109ba0e4b970923ae3083753) Importer(815301076,1909f56bfc062723c751e8b465ee728b)  -> (artifact id: '7e822dbaefb7b6cc36562c5f57e9e45e') in 0.029575 seconds 
========================================================================
Received Import Request.
  Time since last request: 0.000029 seconds.
  path: Assets/Environment/LollipopTree1.fbx
  artifactKey: Guid(28eac96d1bf8f384f9c6040a5864027d) Importer(815301076,1909f56bfc062723c751e8b465ee728b)
Start importing Assets/Environment/LollipopTree1.fbx using Guid(28eac96d1bf8f384f9c6040a5864027d) Importer(815301076,1909f56bfc062723c751e8b465ee728b)  -> (artifact id: '0bbb236df2065536d503d80934e26b60') in 0.025977 seconds 
========================================================================
Received Import Request.
  Time since last request: 0.000043 seconds.
  path: Assets/Animation
  artifactKey: Guid(3d553f7867d88374d9596f016569f38a) Importer(815301076,1909f56bfc062723c751e8b465ee728b)
Start importing Assets/Animation using Guid(3d553f7867d88374d9596f016569f38a) Importer(815301076,1909f56bfc062723c751e8b465ee728b)  -> (artifact id: '733d959e710bebea3f8a7e43d2b9b026') in 0.011543 seconds 
========================================================================
Received Import Request.
  Time since last request: 0.000025 seconds.
  path: Assets/Animation/broc_walk.fbx
  artifactKey: Guid(c899dcad2ce82cc498f412c0dad1f036) Importer(815301076,1909f56bfc062723c751e8b465ee728b)
Start importing Assets/Animation/broc_walk.fbx using Guid(c899dcad2ce82cc498f412c0dad1f036) Importer(815301076,1909f56bfc062723c751e8b465ee728b)  -> (artifact id: '5d51bf86691f91de7a2282724b0677b4') in 0.046089 seconds 
========================================================================
Received Import Request.
  Time since last request: 0.000021 seconds.
  path: Assets/Environment/Mound1.fbx
  artifactKey: Guid(32d0555cafb85bb40b6da43cfc4d0877) Importer(815301076,1909f56bfc062723c751e8b465ee728b)
Start importing Assets/Environment/Mound1.fbx using Guid(32d0555cafb85bb40b6da43cfc4d0877) Importer(815301076,1909f56bfc062723c751e8b465ee728b)  -> (artifact id: '274f85cf9e38d06070f30cbbdfb4707a') in 0.021598 seconds 
========================================================================
Received Import Request.
  Time since last request: 0.000039 seconds.
  path: Assets/Animation/pep_melee.fbx
  artifactKey: Guid(c303f6ea64ae5eb48aeb191394228a07) Importer(815301076,1909f56bfc062723c751e8b465ee728b)
Start importing Assets/Animation/pep_melee.fbx using Guid(c303f6ea64ae5eb48aeb191394228a07) Importer(815301076,1909f56bfc062723c751e8b465ee728b)  -> (artifact id: '80b87b7578d4c19ecca1b3a8b31fb56b') in 0.089293 seconds 
